{
  "stats": {
    "suites": 28,
    "tests": 40,
    "passes": 40,
    "pending": 0,
    "failures": 0,
    "start": "2024-05-01T12:53:41.358Z",
    "end": "2024-05-01T12:53:46.120Z",
    "duration": 4762,
    "testsRegistered": 40,
    "passPercent": 100,
    "pendingPercent": 0,
    "other": 0,
    "hasOther": false,
    "skipped": 0,
    "hasSkipped": false
  },
  "results": [
    {
      "uuid": "ea020a7e-e1ad-454b-a551-1b9725adee03",
      "title": "",
      "fullFile": "",
      "file": "",
      "beforeHooks": [],
      "afterHooks": [],
      "tests": [],
      "suites": [
        {
          "uuid": "4c9aba91-17c1-4685-a8a7-ddec827d6b57",
          "title": "Category Feature",
          "fullFile": "D:\\Folder penting ittp tercinta\\Sanbercode\\QA Automation\\tugas pekanan 3\\Kasiraja\\test-suites\\category.suite.js",
          "file": "\\test-suites\\category.suite.js",
          "beforeHooks": [],
          "afterHooks": [],
          "tests": [],
          "suites": [
            {
              "uuid": "92739df5-e0e4-46a6-babb-465dd5f2843d",
              "title": "Get Token",
              "fullFile": "D:\\Folder penting ittp tercinta\\Sanbercode\\QA Automation\\tugas pekanan 3\\Kasiraja\\test-suites\\category.suite.js",
              "file": "\\test-suites\\category.suite.js",
              "beforeHooks": [],
              "afterHooks": [],
              "tests": [
                {
                  "title": "Success Get Token",
                  "fullTitle": "Category Feature Get Token Success Get Token",
                  "timedOut": false,
                  "duration": 496,
                  "state": "passed",
                  "speed": "slow",
                  "pass": true,
                  "fail": false,
                  "pending": false,
                  "context": null,
                  "code": "const response = await request\n  .post('/authentications')\n  .send(auth.loginSuccess);\ntoken = response.body.data.accessToken;",
                  "err": {},
                  "uuid": "592c58b5-6754-4a36-b1cb-9c8cfa4af8fd",
                  "parentUUID": "92739df5-e0e4-46a6-babb-465dd5f2843d",
                  "isHook": false,
                  "skipped": false
                }
              ],
              "suites": [],
              "passes": [
                "592c58b5-6754-4a36-b1cb-9c8cfa4af8fd"
              ],
              "failures": [],
              "pending": [],
              "skipped": [],
              "duration": 496,
              "root": false,
              "rootEmpty": false,
              "_timeout": 2000
            },
            {
              "uuid": "8528bfb5-900e-4c47-8e86-ecd1eca36e8f",
              "title": "Create Category",
              "fullFile": "D:\\Folder penting ittp tercinta\\Sanbercode\\QA Automation\\tugas pekanan 3\\Kasiraja\\test-suites\\category.suite.js",
              "file": "\\test-suites\\category.suite.js",
              "beforeHooks": [],
              "afterHooks": [],
              "tests": [
                {
                  "title": "Success create a new category",
                  "fullTitle": "Category Feature Create Category Success create a new category",
                  "timedOut": false,
                  "duration": 74,
                  "state": "passed",
                  "speed": "medium",
                  "pass": true,
                  "fail": false,
                  "pending": false,
                  "context": null,
                  "code": "const response = request\n  .post('/categories')\n  .send(category.createSuccess)\n  .set('Authorization', `Bearer ${token}`);\nuserId = (await response).body.data.categoryId;\nexpect((await response).status).to.equal(201);\nexpect((await response).body.status).to.equal('success');\nexpect((await response).body.message).to.equal(\n  'Category berhasil ditambahkan'\n);\nexpect((await response).body.data.name).to.equal('makanan ringan');",
                  "err": {},
                  "uuid": "f6ac4fab-75f6-4ff2-aa04-7a256f79f665",
                  "parentUUID": "8528bfb5-900e-4c47-8e86-ecd1eca36e8f",
                  "isHook": false,
                  "skipped": false
                },
                {
                  "title": "Failed create a new category",
                  "fullTitle": "Category Feature Create Category Failed create a new category",
                  "timedOut": false,
                  "duration": 70,
                  "state": "passed",
                  "speed": "medium",
                  "pass": true,
                  "fail": false,
                  "pending": false,
                  "context": null,
                  "code": "const response = request\n  .post('/categories')\n  .send(category.createFailed)\n  .set('Authorization', `Bearer ${token}`);\nexpect((await response).status).to.equal(400);\nexpect((await response).body.status).to.equal('fail');",
                  "err": {},
                  "uuid": "1b057b3b-bc00-49d8-90f4-39f6d5149c8b",
                  "parentUUID": "8528bfb5-900e-4c47-8e86-ecd1eca36e8f",
                  "isHook": false,
                  "skipped": false
                }
              ],
              "suites": [],
              "passes": [
                "f6ac4fab-75f6-4ff2-aa04-7a256f79f665",
                "1b057b3b-bc00-49d8-90f4-39f6d5149c8b"
              ],
              "failures": [],
              "pending": [],
              "skipped": [],
              "duration": 144,
              "root": false,
              "rootEmpty": false,
              "_timeout": 2000
            },
            {
              "uuid": "9f556bf1-dddb-4b46-83c9-71c674eb2866",
              "title": "Get Category List",
              "fullFile": "D:\\Folder penting ittp tercinta\\Sanbercode\\QA Automation\\tugas pekanan 3\\Kasiraja\\test-suites\\category.suite.js",
              "file": "\\test-suites\\category.suite.js",
              "beforeHooks": [],
              "afterHooks": [],
              "tests": [
                {
                  "title": "Success Get Category List",
                  "fullTitle": "Category Feature Get Category List Success Get Category List",
                  "timedOut": false,
                  "duration": 65,
                  "state": "passed",
                  "speed": "medium",
                  "pass": true,
                  "fail": false,
                  "pending": false,
                  "context": null,
                  "code": "const response = await request\n  .get(`/categories/${userId}`)\n  .set('Authorization', `Bearer ${token}`);\nexpect(response.status).to.equal(200);\nexpect(response.body.status).to.equal('success');",
                  "err": {},
                  "uuid": "c8d24984-adb5-4e9a-bd84-42832c6cdb30",
                  "parentUUID": "9f556bf1-dddb-4b46-83c9-71c674eb2866",
                  "isHook": false,
                  "skipped": false
                }
              ],
              "suites": [],
              "passes": [
                "c8d24984-adb5-4e9a-bd84-42832c6cdb30"
              ],
              "failures": [],
              "pending": [],
              "skipped": [],
              "duration": 65,
              "root": false,
              "rootEmpty": false,
              "_timeout": 2000
            },
            {
              "uuid": "aedca35c-7632-4914-a402-eb6488e22c93",
              "title": "Get Category Detail",
              "fullFile": "D:\\Folder penting ittp tercinta\\Sanbercode\\QA Automation\\tugas pekanan 3\\Kasiraja\\test-suites\\category.suite.js",
              "file": "\\test-suites\\category.suite.js",
              "beforeHooks": [],
              "afterHooks": [],
              "tests": [
                {
                  "title": "Success Get Category Detail",
                  "fullTitle": "Category Feature Get Category Detail Success Get Category Detail",
                  "timedOut": false,
                  "duration": 70,
                  "state": "passed",
                  "speed": "medium",
                  "pass": true,
                  "fail": false,
                  "pending": false,
                  "context": null,
                  "code": "const response = await request\n  .get(`/categories/${userId}`)\n  .set('Authorization', `Bearer ${token}`);\nexpect(response.status).to.equal(200);\nexpect(response.body.status).to.equal('success');\nexpect(response.body.data.category.name).to.equal('makanan ringan');\nexpect(response.body.data.category.description).to.equal(\n  'makanan ringan dari indofood'\n);",
                  "err": {},
                  "uuid": "a9f81141-dec2-4b8f-a920-b1f1106a9720",
                  "parentUUID": "aedca35c-7632-4914-a402-eb6488e22c93",
                  "isHook": false,
                  "skipped": false
                },
                {
                  "title": "Failed Get User Detail",
                  "fullTitle": "Category Feature Get Category Detail Failed Get User Detail",
                  "timedOut": false,
                  "duration": 62,
                  "state": "passed",
                  "speed": "medium",
                  "pass": true,
                  "fail": false,
                  "pending": false,
                  "context": null,
                  "code": "const response = await request\n  .get(`/categories/${userId + '123'}`)\n  .set('Authorization', `Bearer ${token}`);\nexpect(response.status).to.equal(404);\nexpect(response.body.message).to.equal('id tidak valid');",
                  "err": {},
                  "uuid": "68edadae-ba25-4d84-b0c8-1cc115ba17fa",
                  "parentUUID": "aedca35c-7632-4914-a402-eb6488e22c93",
                  "isHook": false,
                  "skipped": false
                }
              ],
              "suites": [],
              "passes": [
                "a9f81141-dec2-4b8f-a920-b1f1106a9720",
                "68edadae-ba25-4d84-b0c8-1cc115ba17fa"
              ],
              "failures": [],
              "pending": [],
              "skipped": [],
              "duration": 132,
              "root": false,
              "rootEmpty": false,
              "_timeout": 2000
            },
            {
              "uuid": "ccad2b55-0bd9-4329-816f-3feaebe05f40",
              "title": "Update Category Detail",
              "fullFile": "D:\\Folder penting ittp tercinta\\Sanbercode\\QA Automation\\tugas pekanan 3\\Kasiraja\\test-suites\\category.suite.js",
              "file": "\\test-suites\\category.suite.js",
              "beforeHooks": [],
              "afterHooks": [],
              "tests": [
                {
                  "title": "Success Update Category Detail",
                  "fullTitle": "Category Feature Update Category Detail Success Update Category Detail",
                  "timedOut": false,
                  "duration": 64,
                  "state": "passed",
                  "speed": "medium",
                  "pass": true,
                  "fail": false,
                  "pending": false,
                  "context": null,
                  "code": "const response = await request\n  .put(`/categories/${userId}`)\n  .send(category.updateSuccess)\n  .set('Authorization', `Bearer ${token}`);\nexpect(response.status).to.equal(200);\nexpect(response.body.status).to.equal('success');\nexpect(response.body.data.name).to.equal('makring');",
                  "err": {},
                  "uuid": "8d530314-4e27-4277-87a1-c866dfbc10ea",
                  "parentUUID": "ccad2b55-0bd9-4329-816f-3feaebe05f40",
                  "isHook": false,
                  "skipped": false
                },
                {
                  "title": "Failed Update Category Detail",
                  "fullTitle": "Category Feature Update Category Detail Failed Update Category Detail",
                  "timedOut": false,
                  "duration": 68,
                  "state": "passed",
                  "speed": "medium",
                  "pass": true,
                  "fail": false,
                  "pending": false,
                  "context": null,
                  "code": "const response = await request\n  .put(`/categories/${userId}`)\n  .send(category.updateFailed)\n  .set('Authorization', `Bearer ${token}`);\nexpect(response.status).to.equal(400);\nexpect(response.body.message).to.equal(\n  '\"name\" is not allowed to be empty'\n);",
                  "err": {},
                  "uuid": "428dbb9f-d8f6-4628-b5d2-0d7d1c38dacb",
                  "parentUUID": "ccad2b55-0bd9-4329-816f-3feaebe05f40",
                  "isHook": false,
                  "skipped": false
                }
              ],
              "suites": [],
              "passes": [
                "8d530314-4e27-4277-87a1-c866dfbc10ea",
                "428dbb9f-d8f6-4628-b5d2-0d7d1c38dacb"
              ],
              "failures": [],
              "pending": [],
              "skipped": [],
              "duration": 132,
              "root": false,
              "rootEmpty": false,
              "_timeout": 2000
            },
            {
              "uuid": "19c22250-f60d-4d23-b533-f51e469399ce",
              "title": "Delete Category",
              "fullFile": "D:\\Folder penting ittp tercinta\\Sanbercode\\QA Automation\\tugas pekanan 3\\Kasiraja\\test-suites\\category.suite.js",
              "file": "\\test-suites\\category.suite.js",
              "beforeHooks": [],
              "afterHooks": [],
              "tests": [
                {
                  "title": "Success Delete Category",
                  "fullTitle": "Category Feature Delete Category Success Delete Category",
                  "timedOut": false,
                  "duration": 71,
                  "state": "passed",
                  "speed": "medium",
                  "pass": true,
                  "fail": false,
                  "pending": false,
                  "context": null,
                  "code": "const response = await request\n  .delete(`/categories/${userId}`)\n  .set('Authorization', `Bearer ${token}`);\nexpect(response.status).to.equal(200);\nexpect(response.body.status).to.equal('success');",
                  "err": {},
                  "uuid": "c78e6081-8b37-4006-8369-fab7ffd10467",
                  "parentUUID": "19c22250-f60d-4d23-b533-f51e469399ce",
                  "isHook": false,
                  "skipped": false
                },
                {
                  "title": "Failed Delete Category",
                  "fullTitle": "Category Feature Delete Category Failed Delete Category",
                  "timedOut": false,
                  "duration": 66,
                  "state": "passed",
                  "speed": "medium",
                  "pass": true,
                  "fail": false,
                  "pending": false,
                  "context": null,
                  "code": "const response = await request\n  .delete(`/categories/${userId + '123'}`)\n  .set('Authorization', `Bearer ${token}`);\nexpect(response.status).to.equal(404);",
                  "err": {},
                  "uuid": "6404acc2-e8a0-4f41-bf30-09ec4698d76f",
                  "parentUUID": "19c22250-f60d-4d23-b533-f51e469399ce",
                  "isHook": false,
                  "skipped": false
                }
              ],
              "suites": [],
              "passes": [
                "c78e6081-8b37-4006-8369-fab7ffd10467",
                "6404acc2-e8a0-4f41-bf30-09ec4698d76f"
              ],
              "failures": [],
              "pending": [],
              "skipped": [],
              "duration": 137,
              "root": false,
              "rootEmpty": false,
              "_timeout": 2000
            }
          ],
          "passes": [],
          "failures": [],
          "pending": [],
          "skipped": [],
          "duration": 0,
          "root": false,
          "rootEmpty": false,
          "_timeout": 2000
        },
        {
          "uuid": "073e6239-56a0-4019-bf9c-be8e00b73541",
          "title": "Customer Feature",
          "fullFile": "D:\\Folder penting ittp tercinta\\Sanbercode\\QA Automation\\tugas pekanan 3\\Kasiraja\\test-suites\\customer.suite .js",
          "file": "\\test-suites\\customer.suite .js",
          "beforeHooks": [],
          "afterHooks": [],
          "tests": [],
          "suites": [
            {
              "uuid": "f47b395c-37ef-4a2a-baeb-67b9d6e348c9",
              "title": "Get Token",
              "fullFile": "D:\\Folder penting ittp tercinta\\Sanbercode\\QA Automation\\tugas pekanan 3\\Kasiraja\\test-suites\\customer.suite .js",
              "file": "\\test-suites\\customer.suite .js",
              "beforeHooks": [],
              "afterHooks": [],
              "tests": [
                {
                  "title": "Success Get Token",
                  "fullTitle": "Customer Feature Get Token Success Get Token",
                  "timedOut": false,
                  "duration": 407,
                  "state": "passed",
                  "speed": "slow",
                  "pass": true,
                  "fail": false,
                  "pending": false,
                  "context": null,
                  "code": "const response = await request(config.baseUrl)\n  .post('/authentications')\n  .send(auth.loginSuccess);\ntoken = response.body.data.accessToken;",
                  "err": {},
                  "uuid": "e30b11b2-87ca-46d1-a5dd-f78ee4966458",
                  "parentUUID": "f47b395c-37ef-4a2a-baeb-67b9d6e348c9",
                  "isHook": false,
                  "skipped": false
                }
              ],
              "suites": [],
              "passes": [
                "e30b11b2-87ca-46d1-a5dd-f78ee4966458"
              ],
              "failures": [],
              "pending": [],
              "skipped": [],
              "duration": 407,
              "root": false,
              "rootEmpty": false,
              "_timeout": 2000
            },
            {
              "uuid": "51a45258-6e16-48d5-a02a-19c95d666d29",
              "title": "Create Customer",
              "fullFile": "D:\\Folder penting ittp tercinta\\Sanbercode\\QA Automation\\tugas pekanan 3\\Kasiraja\\test-suites\\customer.suite .js",
              "file": "\\test-suites\\customer.suite .js",
              "beforeHooks": [],
              "afterHooks": [],
              "tests": [
                {
                  "title": "Success create a new customer",
                  "fullTitle": "Customer Feature Create Customer Success create a new customer",
                  "timedOut": false,
                  "duration": 66,
                  "state": "passed",
                  "speed": "medium",
                  "pass": true,
                  "fail": false,
                  "pending": false,
                  "context": null,
                  "code": "const response = request(config.baseUrl)\n  .post('/customers')\n  .send(customer.createSuccess)\n  .set('Authorization', `Bearer ${token}`);\nuserId = (await response).body.data.customerId;\nexpect((await response).status).to.equal(201);\nexpect((await response).body.status).to.equal('success');\nexpect((await response).body.message).to.equal(\n  'Customer berhasil ditambahkan'\n);",
                  "err": {},
                  "uuid": "9c873899-7e9a-4d8d-8ca2-089ed5ac1d86",
                  "parentUUID": "51a45258-6e16-48d5-a02a-19c95d666d29",
                  "isHook": false,
                  "skipped": false
                },
                {
                  "title": "Failed create a new customer",
                  "fullTitle": "Customer Feature Create Customer Failed create a new customer",
                  "timedOut": false,
                  "duration": 64,
                  "state": "passed",
                  "speed": "medium",
                  "pass": true,
                  "fail": false,
                  "pending": false,
                  "context": null,
                  "code": "const response = request(config.baseUrl)\n  .post('/customers')\n  .send(customer.createFailed)\n  .set('Authorization', `Bearer ${token}`);\nexpect((await response).status).to.equal(400);\nexpect((await response).body.status).to.equal('fail');",
                  "err": {},
                  "uuid": "56942672-1f76-410b-870f-731fe1aadffe",
                  "parentUUID": "51a45258-6e16-48d5-a02a-19c95d666d29",
                  "isHook": false,
                  "skipped": false
                }
              ],
              "suites": [],
              "passes": [
                "9c873899-7e9a-4d8d-8ca2-089ed5ac1d86",
                "56942672-1f76-410b-870f-731fe1aadffe"
              ],
              "failures": [],
              "pending": [],
              "skipped": [],
              "duration": 130,
              "root": false,
              "rootEmpty": false,
              "_timeout": 2000
            },
            {
              "uuid": "8c1cb34b-ad7a-42ae-8ee3-291ae88d484c",
              "title": "Get Customer List",
              "fullFile": "D:\\Folder penting ittp tercinta\\Sanbercode\\QA Automation\\tugas pekanan 3\\Kasiraja\\test-suites\\customer.suite .js",
              "file": "\\test-suites\\customer.suite .js",
              "beforeHooks": [],
              "afterHooks": [],
              "tests": [
                {
                  "title": "Success Get Customer List",
                  "fullTitle": "Customer Feature Get Customer List Success Get Customer List",
                  "timedOut": false,
                  "duration": 69,
                  "state": "passed",
                  "speed": "medium",
                  "pass": true,
                  "fail": false,
                  "pending": false,
                  "context": null,
                  "code": "const response = await request(config.baseUrl)\n  .get(`/customers/${userId}`)\n  .set('Authorization', `Bearer ${token}`);\nexpect(response.status).to.equal(200);\nexpect(response.body.status).to.equal('success');",
                  "err": {},
                  "uuid": "bd535e27-19ae-412e-acf1-857f61aa6c3d",
                  "parentUUID": "8c1cb34b-ad7a-42ae-8ee3-291ae88d484c",
                  "isHook": false,
                  "skipped": false
                }
              ],
              "suites": [],
              "passes": [
                "bd535e27-19ae-412e-acf1-857f61aa6c3d"
              ],
              "failures": [],
              "pending": [],
              "skipped": [],
              "duration": 69,
              "root": false,
              "rootEmpty": false,
              "_timeout": 2000
            },
            {
              "uuid": "3723b1b4-d722-4cc7-b13e-8ff3be617ae5",
              "title": "Get Customer Detail",
              "fullFile": "D:\\Folder penting ittp tercinta\\Sanbercode\\QA Automation\\tugas pekanan 3\\Kasiraja\\test-suites\\customer.suite .js",
              "file": "\\test-suites\\customer.suite .js",
              "beforeHooks": [],
              "afterHooks": [],
              "tests": [
                {
                  "title": "Success Get Customer Detail",
                  "fullTitle": "Customer Feature Get Customer Detail Success Get Customer Detail",
                  "timedOut": false,
                  "duration": 68,
                  "state": "passed",
                  "speed": "medium",
                  "pass": true,
                  "fail": false,
                  "pending": false,
                  "context": null,
                  "code": "const response = await request(config.baseUrl)\n  .get(`/customers/${userId}`)\n  .set('Authorization', `Bearer ${token}`);\nexpect(response.status).to.equal(200);\nexpect(response.body.status).to.equal('success');\nexpect(response.body.data.customer.name).to.equal('Budi');",
                  "err": {},
                  "uuid": "77109709-b12b-4449-bbb3-119c06f81903",
                  "parentUUID": "3723b1b4-d722-4cc7-b13e-8ff3be617ae5",
                  "isHook": false,
                  "skipped": false
                },
                {
                  "title": "Failed Get User Detail",
                  "fullTitle": "Customer Feature Get Customer Detail Failed Get User Detail",
                  "timedOut": false,
                  "duration": 63,
                  "state": "passed",
                  "speed": "medium",
                  "pass": true,
                  "fail": false,
                  "pending": false,
                  "context": null,
                  "code": "const response = await request(config.baseUrl)\n  .get(`/customers/${userId + '123'}`)\n  .set('Authorization', `Bearer ${token}`);\nexpect(response.status).to.equal(404);\nexpect(response.body.message).to.equal('id tidak valid');",
                  "err": {},
                  "uuid": "dc6725b7-aed9-4b2c-aacd-1f1455360ba2",
                  "parentUUID": "3723b1b4-d722-4cc7-b13e-8ff3be617ae5",
                  "isHook": false,
                  "skipped": false
                }
              ],
              "suites": [],
              "passes": [
                "77109709-b12b-4449-bbb3-119c06f81903",
                "dc6725b7-aed9-4b2c-aacd-1f1455360ba2"
              ],
              "failures": [],
              "pending": [],
              "skipped": [],
              "duration": 131,
              "root": false,
              "rootEmpty": false,
              "_timeout": 2000
            },
            {
              "uuid": "6d1b20f1-af95-4b62-bbf4-a2e28360cc88",
              "title": "Update Customer Detail",
              "fullFile": "D:\\Folder penting ittp tercinta\\Sanbercode\\QA Automation\\tugas pekanan 3\\Kasiraja\\test-suites\\customer.suite .js",
              "file": "\\test-suites\\customer.suite .js",
              "beforeHooks": [],
              "afterHooks": [],
              "tests": [
                {
                  "title": "Success Update Customer Detail",
                  "fullTitle": "Customer Feature Update Customer Detail Success Update Customer Detail",
                  "timedOut": false,
                  "duration": 61,
                  "state": "passed",
                  "speed": "medium",
                  "pass": true,
                  "fail": false,
                  "pending": false,
                  "context": null,
                  "code": "const response = await request(config.baseUrl)\n  .put(`/customers/${userId}`)\n  .send(customer.updateSuccess)\n  .set('Authorization', `Bearer ${token}`);\nexpect(response.status).to.equal(200);\nexpect(response.body.status).to.equal('success');\nexpect(response.body.data.name).to.equal('Budis');",
                  "err": {},
                  "uuid": "4c3d515d-4683-406b-8f89-c8f8998a8c33",
                  "parentUUID": "6d1b20f1-af95-4b62-bbf4-a2e28360cc88",
                  "isHook": false,
                  "skipped": false
                },
                {
                  "title": "Failed Update Customer Detail",
                  "fullTitle": "Customer Feature Update Customer Detail Failed Update Customer Detail",
                  "timedOut": false,
                  "duration": 61,
                  "state": "passed",
                  "speed": "medium",
                  "pass": true,
                  "fail": false,
                  "pending": false,
                  "context": null,
                  "code": "const response = await request(config.baseUrl)\n  .put(`/customers/${userId}`)\n  .send(customer.updateFailed)\n  .set('Authorization', `Bearer ${token}`);\nexpect(response.status).to.equal(400);\nexpect(response.body.message).to.equal(\n  '\"name\" is not allowed to be empty'\n);",
                  "err": {},
                  "uuid": "2aa8b16c-18f1-48cf-a5cb-cd457017663b",
                  "parentUUID": "6d1b20f1-af95-4b62-bbf4-a2e28360cc88",
                  "isHook": false,
                  "skipped": false
                }
              ],
              "suites": [],
              "passes": [
                "4c3d515d-4683-406b-8f89-c8f8998a8c33",
                "2aa8b16c-18f1-48cf-a5cb-cd457017663b"
              ],
              "failures": [],
              "pending": [],
              "skipped": [],
              "duration": 122,
              "root": false,
              "rootEmpty": false,
              "_timeout": 2000
            },
            {
              "uuid": "2d0a492c-280a-43e2-a781-aba524ba3530",
              "title": "Delete Customer",
              "fullFile": "D:\\Folder penting ittp tercinta\\Sanbercode\\QA Automation\\tugas pekanan 3\\Kasiraja\\test-suites\\customer.suite .js",
              "file": "\\test-suites\\customer.suite .js",
              "beforeHooks": [],
              "afterHooks": [],
              "tests": [
                {
                  "title": "Success Delete Customer",
                  "fullTitle": "Customer Feature Delete Customer Success Delete Customer",
                  "timedOut": false,
                  "duration": 67,
                  "state": "passed",
                  "speed": "medium",
                  "pass": true,
                  "fail": false,
                  "pending": false,
                  "context": null,
                  "code": "const response = await request(config.baseUrl)\n  .delete(`/customers/${userId}`)\n  .set('Authorization', `Bearer ${token}`);\nexpect(response.status).to.equal(200);\nexpect(response.body.status).to.equal('success');",
                  "err": {},
                  "uuid": "3791c697-35db-4803-b915-7a7d193ae68d",
                  "parentUUID": "2d0a492c-280a-43e2-a781-aba524ba3530",
                  "isHook": false,
                  "skipped": false
                },
                {
                  "title": "Failed Delete Customer",
                  "fullTitle": "Customer Feature Delete Customer Failed Delete Customer",
                  "timedOut": false,
                  "duration": 67,
                  "state": "passed",
                  "speed": "medium",
                  "pass": true,
                  "fail": false,
                  "pending": false,
                  "context": null,
                  "code": "const response = await request(config.baseUrl)\n  .delete(`/customers/${userId + '123'}`)\n  .set('Authorization', `Bearer ${token}`);\nexpect(response.status).to.equal(404);",
                  "err": {},
                  "uuid": "7a9208ae-40ca-499a-af98-aa9ca74ee0cc",
                  "parentUUID": "2d0a492c-280a-43e2-a781-aba524ba3530",
                  "isHook": false,
                  "skipped": false
                }
              ],
              "suites": [],
              "passes": [
                "3791c697-35db-4803-b915-7a7d193ae68d",
                "7a9208ae-40ca-499a-af98-aa9ca74ee0cc"
              ],
              "failures": [],
              "pending": [],
              "skipped": [],
              "duration": 134,
              "root": false,
              "rootEmpty": false,
              "_timeout": 2000
            }
          ],
          "passes": [],
          "failures": [],
          "pending": [],
          "skipped": [],
          "duration": 0,
          "root": false,
          "rootEmpty": false,
          "_timeout": 2000
        },
        {
          "uuid": "82709d26-06dd-4618-b76a-0161e440b521",
          "title": "Unit Feature",
          "fullFile": "D:\\Folder penting ittp tercinta\\Sanbercode\\QA Automation\\tugas pekanan 3\\Kasiraja\\test-suites\\unit.suite.js",
          "file": "\\test-suites\\unit.suite.js",
          "beforeHooks": [],
          "afterHooks": [],
          "tests": [],
          "suites": [
            {
              "uuid": "109df0d3-695c-4456-8061-d891a507ae47",
              "title": "Get Token",
              "fullFile": "D:\\Folder penting ittp tercinta\\Sanbercode\\QA Automation\\tugas pekanan 3\\Kasiraja\\test-suites\\unit.suite.js",
              "file": "\\test-suites\\unit.suite.js",
              "beforeHooks": [],
              "afterHooks": [],
              "tests": [
                {
                  "title": "Success Get Token",
                  "fullTitle": "Unit Feature Get Token Success Get Token",
                  "timedOut": false,
                  "duration": 395,
                  "state": "passed",
                  "speed": "slow",
                  "pass": true,
                  "fail": false,
                  "pending": false,
                  "context": null,
                  "code": "const response = await request(config.baseUrl)\n  .post('/authentications')\n  .send(auth.loginSuccess);\ntoken = response.body.data.accessToken;",
                  "err": {},
                  "uuid": "e326eb7b-5f43-4f8c-8b82-beac67eb9fc6",
                  "parentUUID": "109df0d3-695c-4456-8061-d891a507ae47",
                  "isHook": false,
                  "skipped": false
                }
              ],
              "suites": [],
              "passes": [
                "e326eb7b-5f43-4f8c-8b82-beac67eb9fc6"
              ],
              "failures": [],
              "pending": [],
              "skipped": [],
              "duration": 395,
              "root": false,
              "rootEmpty": false,
              "_timeout": 2000
            },
            {
              "uuid": "48b4d91d-a4da-44b0-bc7f-f6750530de83",
              "title": "Create Unit",
              "fullFile": "D:\\Folder penting ittp tercinta\\Sanbercode\\QA Automation\\tugas pekanan 3\\Kasiraja\\test-suites\\unit.suite.js",
              "file": "\\test-suites\\unit.suite.js",
              "beforeHooks": [],
              "afterHooks": [],
              "tests": [
                {
                  "title": "Success create a new unit",
                  "fullTitle": "Unit Feature Create Unit Success create a new unit",
                  "timedOut": false,
                  "duration": 65,
                  "state": "passed",
                  "speed": "medium",
                  "pass": true,
                  "fail": false,
                  "pending": false,
                  "context": null,
                  "code": "const response = request(config.baseUrl)\n  .post('/units')\n  .send(unit.createSuccess)\n  .set('Authorization', `Bearer ${token}`);\nuserId = (await response).body.data.unitId;\nexpect((await response).status).to.equal(201);\nexpect((await response).body.status).to.equal('success');\nexpect((await response).body.message).to.equal(\n  'Unit berhasil ditambahkan'\n);",
                  "err": {},
                  "uuid": "fe5c4c6f-1dd2-488d-bd34-a1b2c6ad5b04",
                  "parentUUID": "48b4d91d-a4da-44b0-bc7f-f6750530de83",
                  "isHook": false,
                  "skipped": false
                },
                {
                  "title": "Failed create a new unit",
                  "fullTitle": "Unit Feature Create Unit Failed create a new unit",
                  "timedOut": false,
                  "duration": 61,
                  "state": "passed",
                  "speed": "medium",
                  "pass": true,
                  "fail": false,
                  "pending": false,
                  "context": null,
                  "code": "const response = request(config.baseUrl)\n  .post('/units')\n  .send(unit.createFailed)\n  .set('Authorization', `Bearer ${token}`);\nexpect((await response).status).to.equal(400);\nexpect((await response).body.status).to.equal('fail');",
                  "err": {},
                  "uuid": "76822740-6026-4f93-922f-f0d268b0abbc",
                  "parentUUID": "48b4d91d-a4da-44b0-bc7f-f6750530de83",
                  "isHook": false,
                  "skipped": false
                }
              ],
              "suites": [],
              "passes": [
                "fe5c4c6f-1dd2-488d-bd34-a1b2c6ad5b04",
                "76822740-6026-4f93-922f-f0d268b0abbc"
              ],
              "failures": [],
              "pending": [],
              "skipped": [],
              "duration": 126,
              "root": false,
              "rootEmpty": false,
              "_timeout": 2000
            },
            {
              "uuid": "d54c1f26-086d-481c-829e-a98efdb21766",
              "title": "Get Unit List",
              "fullFile": "D:\\Folder penting ittp tercinta\\Sanbercode\\QA Automation\\tugas pekanan 3\\Kasiraja\\test-suites\\unit.suite.js",
              "file": "\\test-suites\\unit.suite.js",
              "beforeHooks": [],
              "afterHooks": [],
              "tests": [
                {
                  "title": "Success Get Unit List",
                  "fullTitle": "Unit Feature Get Unit List Success Get Unit List",
                  "timedOut": false,
                  "duration": 63,
                  "state": "passed",
                  "speed": "medium",
                  "pass": true,
                  "fail": false,
                  "pending": false,
                  "context": null,
                  "code": "const response = await request(config.baseUrl)\n  .get(`/units/${userId}`)\n  .set('Authorization', `Bearer ${token}`);\nexpect(response.status).to.equal(200);\nexpect(response.body.status).to.equal('success');",
                  "err": {},
                  "uuid": "dd527e85-ba93-433a-8429-79c909846aac",
                  "parentUUID": "d54c1f26-086d-481c-829e-a98efdb21766",
                  "isHook": false,
                  "skipped": false
                }
              ],
              "suites": [],
              "passes": [
                "dd527e85-ba93-433a-8429-79c909846aac"
              ],
              "failures": [],
              "pending": [],
              "skipped": [],
              "duration": 63,
              "root": false,
              "rootEmpty": false,
              "_timeout": 2000
            },
            {
              "uuid": "2709f676-cf0d-4c28-94fb-9a1d2cb68290",
              "title": "Get Unit Detail",
              "fullFile": "D:\\Folder penting ittp tercinta\\Sanbercode\\QA Automation\\tugas pekanan 3\\Kasiraja\\test-suites\\unit.suite.js",
              "file": "\\test-suites\\unit.suite.js",
              "beforeHooks": [],
              "afterHooks": [],
              "tests": [
                {
                  "title": "Success Get Unit Detail",
                  "fullTitle": "Unit Feature Get Unit Detail Success Get Unit Detail",
                  "timedOut": false,
                  "duration": 67,
                  "state": "passed",
                  "speed": "medium",
                  "pass": true,
                  "fail": false,
                  "pending": false,
                  "context": null,
                  "code": "const response = await request(config.baseUrl)\n  .get(`/units/${userId}`)\n  .set('Authorization', `Bearer ${token}`);\nexpect(response.status).to.equal(200);\nexpect(response.body.status).to.equal('success');\nexpect(response.body.data.unit.name).to.equal('gram');",
                  "err": {},
                  "uuid": "122e8c14-a4d6-4c65-9b37-0693d1576882",
                  "parentUUID": "2709f676-cf0d-4c28-94fb-9a1d2cb68290",
                  "isHook": false,
                  "skipped": false
                },
                {
                  "title": "Failed Get User Detail",
                  "fullTitle": "Unit Feature Get Unit Detail Failed Get User Detail",
                  "timedOut": false,
                  "duration": 67,
                  "state": "passed",
                  "speed": "medium",
                  "pass": true,
                  "fail": false,
                  "pending": false,
                  "context": null,
                  "code": "const response = await request(config.baseUrl)\n  .get(`/units/${userId + '123'}`)\n  .set('Authorization', `Bearer ${token}`);\nexpect(response.status).to.equal(404);\nexpect(response.body.message).to.equal('id tidak valid');",
                  "err": {},
                  "uuid": "38270bc9-2181-4632-82cd-b60f1c6ebbf8",
                  "parentUUID": "2709f676-cf0d-4c28-94fb-9a1d2cb68290",
                  "isHook": false,
                  "skipped": false
                }
              ],
              "suites": [],
              "passes": [
                "122e8c14-a4d6-4c65-9b37-0693d1576882",
                "38270bc9-2181-4632-82cd-b60f1c6ebbf8"
              ],
              "failures": [],
              "pending": [],
              "skipped": [],
              "duration": 134,
              "root": false,
              "rootEmpty": false,
              "_timeout": 2000
            },
            {
              "uuid": "4c49474f-a689-4519-9200-881ee66679ab",
              "title": "Update Unit Detail",
              "fullFile": "D:\\Folder penting ittp tercinta\\Sanbercode\\QA Automation\\tugas pekanan 3\\Kasiraja\\test-suites\\unit.suite.js",
              "file": "\\test-suites\\unit.suite.js",
              "beforeHooks": [],
              "afterHooks": [],
              "tests": [
                {
                  "title": "Success Update Unit Detail",
                  "fullTitle": "Unit Feature Update Unit Detail Success Update Unit Detail",
                  "timedOut": false,
                  "duration": 63,
                  "state": "passed",
                  "speed": "medium",
                  "pass": true,
                  "fail": false,
                  "pending": false,
                  "context": null,
                  "code": "const response = await request(config.baseUrl)\n  .put(`/units/${userId}`)\n  .send(unit.updateSuccess)\n  .set('Authorization', `Bearer ${token}`);\nexpect(response.status).to.equal(200);\nexpect(response.body.status).to.equal('success');\nexpect(response.body.data.name).to.equal('kg');",
                  "err": {},
                  "uuid": "927ea00d-6384-4eb4-9aa5-82bbb6cfdeeb",
                  "parentUUID": "4c49474f-a689-4519-9200-881ee66679ab",
                  "isHook": false,
                  "skipped": false
                },
                {
                  "title": "Failed Update Unit Detail",
                  "fullTitle": "Unit Feature Update Unit Detail Failed Update Unit Detail",
                  "timedOut": false,
                  "duration": 64,
                  "state": "passed",
                  "speed": "medium",
                  "pass": true,
                  "fail": false,
                  "pending": false,
                  "context": null,
                  "code": "const response = await request(config.baseUrl)\n  .put(`/units/${userId}`)\n  .send(unit.updateFailed)\n  .set('Authorization', `Bearer ${token}`);\nexpect(response.status).to.equal(400);\nexpect(response.body.message).to.equal(\n  'name is required, description is optional'\n);",
                  "err": {},
                  "uuid": "7501fab2-2788-4842-b070-2ca1f2ea260f",
                  "parentUUID": "4c49474f-a689-4519-9200-881ee66679ab",
                  "isHook": false,
                  "skipped": false
                }
              ],
              "suites": [],
              "passes": [
                "927ea00d-6384-4eb4-9aa5-82bbb6cfdeeb",
                "7501fab2-2788-4842-b070-2ca1f2ea260f"
              ],
              "failures": [],
              "pending": [],
              "skipped": [],
              "duration": 127,
              "root": false,
              "rootEmpty": false,
              "_timeout": 2000
            },
            {
              "uuid": "8342d610-3ce2-48c3-a728-13a739c5afe4",
              "title": "Delete Unit",
              "fullFile": "D:\\Folder penting ittp tercinta\\Sanbercode\\QA Automation\\tugas pekanan 3\\Kasiraja\\test-suites\\unit.suite.js",
              "file": "\\test-suites\\unit.suite.js",
              "beforeHooks": [],
              "afterHooks": [],
              "tests": [
                {
                  "title": "Success Delete Unit",
                  "fullTitle": "Unit Feature Delete Unit Success Delete Unit",
                  "timedOut": false,
                  "duration": 66,
                  "state": "passed",
                  "speed": "medium",
                  "pass": true,
                  "fail": false,
                  "pending": false,
                  "context": null,
                  "code": "const response = await request(config.baseUrl)\n  .delete(`/units/${userId}`)\n  .set('Authorization', `Bearer ${token}`);\nexpect(response.status).to.equal(200);\nexpect(response.body.status).to.equal('success');",
                  "err": {},
                  "uuid": "72abcb4b-eac8-4f40-996b-cf2273c45187",
                  "parentUUID": "8342d610-3ce2-48c3-a728-13a739c5afe4",
                  "isHook": false,
                  "skipped": false
                },
                {
                  "title": "Failed Delete Unit",
                  "fullTitle": "Unit Feature Delete Unit Failed Delete Unit",
                  "timedOut": false,
                  "duration": 63,
                  "state": "passed",
                  "speed": "medium",
                  "pass": true,
                  "fail": false,
                  "pending": false,
                  "context": null,
                  "code": "const response = await request(config.baseUrl)\n  .delete(`/units/${userId + '123'}`)\n  .set('Authorization', `Bearer ${token}`);\nexpect(response.status).to.equal(404);",
                  "err": {},
                  "uuid": "4a85d7ea-acef-40a8-8cd1-27ebd33c03de",
                  "parentUUID": "8342d610-3ce2-48c3-a728-13a739c5afe4",
                  "isHook": false,
                  "skipped": false
                }
              ],
              "suites": [],
              "passes": [
                "72abcb4b-eac8-4f40-996b-cf2273c45187",
                "4a85d7ea-acef-40a8-8cd1-27ebd33c03de"
              ],
              "failures": [],
              "pending": [],
              "skipped": [],
              "duration": 129,
              "root": false,
              "rootEmpty": false,
              "_timeout": 2000
            }
          ],
          "passes": [],
          "failures": [],
          "pending": [],
          "skipped": [],
          "duration": 0,
          "root": false,
          "rootEmpty": false,
          "_timeout": 2000
        },
        {
          "uuid": "8a5cbaf6-9ee6-4ef7-8182-dd6d46742978",
          "title": "User Feature",
          "fullFile": "D:\\Folder penting ittp tercinta\\Sanbercode\\QA Automation\\tugas pekanan 3\\Kasiraja\\test-suites\\user.suite.js",
          "file": "\\test-suites\\user.suite.js",
          "beforeHooks": [],
          "afterHooks": [],
          "tests": [],
          "suites": [
            {
              "uuid": "e368910d-c76c-4a2e-be6f-06670edc9bc1",
              "title": "Get Token",
              "fullFile": "D:\\Folder penting ittp tercinta\\Sanbercode\\QA Automation\\tugas pekanan 3\\Kasiraja\\test-suites\\user.suite.js",
              "file": "\\test-suites\\user.suite.js",
              "beforeHooks": [],
              "afterHooks": [],
              "tests": [
                {
                  "title": "Success Get Token",
                  "fullTitle": "User Feature Get Token Success Get Token",
                  "timedOut": false,
                  "duration": 406,
                  "state": "passed",
                  "speed": "slow",
                  "pass": true,
                  "fail": false,
                  "pending": false,
                  "context": null,
                  "code": "const response = await request(config.baseUrl)\n  .post('/authentications')\n  .send(auth.loginSuccess);\ntoken = response.body.data.accessToken;",
                  "err": {},
                  "uuid": "ac3397a6-87f0-4cb8-8c3f-0db01988afe5",
                  "parentUUID": "e368910d-c76c-4a2e-be6f-06670edc9bc1",
                  "isHook": false,
                  "skipped": false
                }
              ],
              "suites": [],
              "passes": [
                "ac3397a6-87f0-4cb8-8c3f-0db01988afe5"
              ],
              "failures": [],
              "pending": [],
              "skipped": [],
              "duration": 406,
              "root": false,
              "rootEmpty": false,
              "_timeout": 2000
            },
            {
              "uuid": "5abe8144-b9f6-4bc5-9c55-59c3b1cd1b60",
              "title": "Create User",
              "fullFile": "D:\\Folder penting ittp tercinta\\Sanbercode\\QA Automation\\tugas pekanan 3\\Kasiraja\\test-suites\\user.suite.js",
              "file": "\\test-suites\\user.suite.js",
              "beforeHooks": [],
              "afterHooks": [],
              "tests": [
                {
                  "title": "Success create a new user",
                  "fullTitle": "User Feature Create User Success create a new user",
                  "timedOut": false,
                  "duration": 396,
                  "state": "passed",
                  "speed": "slow",
                  "pass": true,
                  "fail": false,
                  "pending": false,
                  "context": null,
                  "code": "const response = request(config.baseUrl)\n  .post('/users')\n  .send(user.createSuccess)\n  .set('Authorization', `Bearer ${token}`);\nuserId = (await response).body.data.userId;\nexpect((await response).status).to.equal(201);\nexpect((await response).body.status).to.equal('success');\nexpect((await response).body.message).to.equal(\n  'User berhasil ditambahkan'\n);",
                  "err": {},
                  "uuid": "3b1356d3-e116-409e-b648-f60275cde288",
                  "parentUUID": "5abe8144-b9f6-4bc5-9c55-59c3b1cd1b60",
                  "isHook": false,
                  "skipped": false
                },
                {
                  "title": "Failed create a new user",
                  "fullTitle": "User Feature Create User Failed create a new user",
                  "timedOut": false,
                  "duration": 64,
                  "state": "passed",
                  "speed": "medium",
                  "pass": true,
                  "fail": false,
                  "pending": false,
                  "context": null,
                  "code": "const response = request(config.baseUrl)\n  .post('/users')\n  .send(user.createFailed)\n  .set('Authorization', `Bearer ${token}`);\nexpect((await response).status).to.equal(400);\nexpect((await response).body.status).to.equal('fail');",
                  "err": {},
                  "uuid": "b8ed93c9-649f-43fe-b4de-e21cf76ace04",
                  "parentUUID": "5abe8144-b9f6-4bc5-9c55-59c3b1cd1b60",
                  "isHook": false,
                  "skipped": false
                }
              ],
              "suites": [],
              "passes": [
                "3b1356d3-e116-409e-b648-f60275cde288",
                "b8ed93c9-649f-43fe-b4de-e21cf76ace04"
              ],
              "failures": [],
              "pending": [],
              "skipped": [],
              "duration": 460,
              "root": false,
              "rootEmpty": false,
              "_timeout": 2000
            },
            {
              "uuid": "0b131f65-964d-45a0-83dc-2d210268fb78",
              "title": "Get User List",
              "fullFile": "D:\\Folder penting ittp tercinta\\Sanbercode\\QA Automation\\tugas pekanan 3\\Kasiraja\\test-suites\\user.suite.js",
              "file": "\\test-suites\\user.suite.js",
              "beforeHooks": [],
              "afterHooks": [],
              "tests": [
                {
                  "title": "Success Get User List",
                  "fullTitle": "User Feature Get User List Success Get User List",
                  "timedOut": false,
                  "duration": 74,
                  "state": "passed",
                  "speed": "medium",
                  "pass": true,
                  "fail": false,
                  "pending": false,
                  "context": null,
                  "code": "const response = await request(config.baseUrl)\n  .get(`/users/${userId}`)\n  .set('Authorization', `Bearer ${token}`);\nexpect(response.status).to.equal(200);\nexpect(response.body.status).to.equal('success');",
                  "err": {},
                  "uuid": "ff0e5484-713e-481a-9c44-9ab016f0e902",
                  "parentUUID": "0b131f65-964d-45a0-83dc-2d210268fb78",
                  "isHook": false,
                  "skipped": false
                }
              ],
              "suites": [],
              "passes": [
                "ff0e5484-713e-481a-9c44-9ab016f0e902"
              ],
              "failures": [],
              "pending": [],
              "skipped": [],
              "duration": 74,
              "root": false,
              "rootEmpty": false,
              "_timeout": 2000
            },
            {
              "uuid": "fcbc3ede-15ef-4ed6-b5d6-1016716b8e04",
              "title": "Get User Detail",
              "fullFile": "D:\\Folder penting ittp tercinta\\Sanbercode\\QA Automation\\tugas pekanan 3\\Kasiraja\\test-suites\\user.suite.js",
              "file": "\\test-suites\\user.suite.js",
              "beforeHooks": [],
              "afterHooks": [],
              "tests": [
                {
                  "title": "Success Get User Detail",
                  "fullTitle": "User Feature Get User Detail Success Get User Detail",
                  "timedOut": false,
                  "duration": 63,
                  "state": "passed",
                  "speed": "medium",
                  "pass": true,
                  "fail": false,
                  "pending": false,
                  "context": null,
                  "code": "const response = await request(config.baseUrl)\n  .get(`/users/${userId}`)\n  .set('Authorization', `Bearer ${token}`);\nexpect(response.status).to.equal(200);\nexpect(response.body.status).to.equal('success');\nexpect(response.body.data.user.name).to.equal('kasir-serbaguna');",
                  "err": {},
                  "uuid": "b52768d9-81e4-4cd5-a870-f88a7c2a5ba6",
                  "parentUUID": "fcbc3ede-15ef-4ed6-b5d6-1016716b8e04",
                  "isHook": false,
                  "skipped": false
                },
                {
                  "title": "Failed Get User Detail",
                  "fullTitle": "User Feature Get User Detail Failed Get User Detail",
                  "timedOut": false,
                  "duration": 62,
                  "state": "passed",
                  "speed": "medium",
                  "pass": true,
                  "fail": false,
                  "pending": false,
                  "context": null,
                  "code": "const response = await request(config.baseUrl)\n  .get(`/users/${userId + '123'}`)\n  .set('Authorization', `Bearer ${token}`);\nexpect(response.status).to.equal(404);\nexpect(response.body.message).to.equal('id tidak valid');",
                  "err": {},
                  "uuid": "78edcb31-6d9e-46d3-9d26-7cf9bb5d82be",
                  "parentUUID": "fcbc3ede-15ef-4ed6-b5d6-1016716b8e04",
                  "isHook": false,
                  "skipped": false
                }
              ],
              "suites": [],
              "passes": [
                "b52768d9-81e4-4cd5-a870-f88a7c2a5ba6",
                "78edcb31-6d9e-46d3-9d26-7cf9bb5d82be"
              ],
              "failures": [],
              "pending": [],
              "skipped": [],
              "duration": 125,
              "root": false,
              "rootEmpty": false,
              "_timeout": 2000
            },
            {
              "uuid": "e03b60c8-be6d-4d42-9898-b019cd1e5db7",
              "title": "Update User Detail",
              "fullFile": "D:\\Folder penting ittp tercinta\\Sanbercode\\QA Automation\\tugas pekanan 3\\Kasiraja\\test-suites\\user.suite.js",
              "file": "\\test-suites\\user.suite.js",
              "beforeHooks": [],
              "afterHooks": [],
              "tests": [
                {
                  "title": "Success Update User Detail",
                  "fullTitle": "User Feature Update User Detail Success Update User Detail",
                  "timedOut": false,
                  "duration": 371,
                  "state": "passed",
                  "speed": "slow",
                  "pass": true,
                  "fail": false,
                  "pending": false,
                  "context": null,
                  "code": "const response = await request(config.baseUrl)\n  .put(`/users/${userId}`)\n  .send(user.updateSuccess)\n  .set('Authorization', `Bearer ${token}`);\nexpect(response.status).to.equal(200);\nexpect(response.body.status).to.equal('success');\nexpect(response.body.data.name).to.equal('kaser');",
                  "err": {},
                  "uuid": "b59a4f74-b318-48ba-a671-08d21796dea9",
                  "parentUUID": "e03b60c8-be6d-4d42-9898-b019cd1e5db7",
                  "isHook": false,
                  "skipped": false
                },
                {
                  "title": "Failed Update User Detail",
                  "fullTitle": "User Feature Update User Detail Failed Update User Detail",
                  "timedOut": false,
                  "duration": 67,
                  "state": "passed",
                  "speed": "medium",
                  "pass": true,
                  "fail": false,
                  "pending": false,
                  "context": null,
                  "code": "const response = await request(config.baseUrl)\n  .put(`/users/${userId}`)\n  .send(user.updateFailed)\n  .set('Authorization', `Bearer ${token}`);\nexpect(response.status).to.equal(400);\nexpect(response.body.message).to.equal(\n  '\"name\" is not allowed to be empty'\n);",
                  "err": {},
                  "uuid": "41e82054-b35d-43f2-85d3-246d277ee89f",
                  "parentUUID": "e03b60c8-be6d-4d42-9898-b019cd1e5db7",
                  "isHook": false,
                  "skipped": false
                }
              ],
              "suites": [],
              "passes": [
                "b59a4f74-b318-48ba-a671-08d21796dea9",
                "41e82054-b35d-43f2-85d3-246d277ee89f"
              ],
              "failures": [],
              "pending": [],
              "skipped": [],
              "duration": 438,
              "root": false,
              "rootEmpty": false,
              "_timeout": 2000
            },
            {
              "uuid": "5f638e5c-903b-4485-be82-8b96e9cf038e",
              "title": "Delete User",
              "fullFile": "D:\\Folder penting ittp tercinta\\Sanbercode\\QA Automation\\tugas pekanan 3\\Kasiraja\\test-suites\\user.suite.js",
              "file": "\\test-suites\\user.suite.js",
              "beforeHooks": [],
              "afterHooks": [],
              "tests": [
                {
                  "title": "Success Delete User",
                  "fullTitle": "User Feature Delete User Success Delete User",
                  "timedOut": false,
                  "duration": 59,
                  "state": "passed",
                  "speed": "medium",
                  "pass": true,
                  "fail": false,
                  "pending": false,
                  "context": null,
                  "code": "const response = await request(config.baseUrl)\n  .delete(`/users/${userId}`)\n  .set('Authorization', `Bearer ${token}`);\nexpect(response.status).to.equal(200);\nexpect(response.body.status).to.equal('success');",
                  "err": {},
                  "uuid": "793aa1f0-9c01-4b87-8651-90f0870d7695",
                  "parentUUID": "5f638e5c-903b-4485-be82-8b96e9cf038e",
                  "isHook": false,
                  "skipped": false
                },
                {
                  "title": "Failed Delete User",
                  "fullTitle": "User Feature Delete User Failed Delete User",
                  "timedOut": false,
                  "duration": 59,
                  "state": "passed",
                  "speed": "medium",
                  "pass": true,
                  "fail": false,
                  "pending": false,
                  "context": null,
                  "code": "const response = await request(config.baseUrl)\n  .delete(`/users/${userId + '123'}`)\n  .set('Authorization', `Bearer ${token}`);\nexpect(response.status).to.equal(404);",
                  "err": {},
                  "uuid": "350b6cbd-68d6-42a9-b313-57b52a2a5dab",
                  "parentUUID": "5f638e5c-903b-4485-be82-8b96e9cf038e",
                  "isHook": false,
                  "skipped": false
                }
              ],
              "suites": [],
              "passes": [
                "793aa1f0-9c01-4b87-8651-90f0870d7695",
                "350b6cbd-68d6-42a9-b313-57b52a2a5dab"
              ],
              "failures": [],
              "pending": [],
              "skipped": [],
              "duration": 118,
              "root": false,
              "rootEmpty": false,
              "_timeout": 2000
            }
          ],
          "passes": [],
          "failures": [],
          "pending": [],
          "skipped": [],
          "duration": 0,
          "root": false,
          "rootEmpty": false,
          "_timeout": 2000
        }
      ],
      "passes": [],
      "failures": [],
      "pending": [],
      "skipped": [],
      "duration": 0,
      "root": true,
      "rootEmpty": true,
      "_timeout": 2000
    }
  ],
  "meta": {
    "mocha": {
      "version": "10.4.0"
    },
    "mochawesome": {
      "options": {
        "quiet": false,
        "reportFilename": "mochawesome",
        "saveHtml": true,
        "saveJson": true,
        "consoleReporter": "spec",
        "useInlineDiffs": false,
        "code": true
      },
      "version": "7.1.3"
    },
    "marge": {
      "options": null,
      "version": "6.2.0"
    }
  }
}