{
  "stats": {
    "suites": 28,
    "tests": 40,
    "passes": 40,
    "pending": 0,
    "failures": 0,
    "start": "2024-05-03T13:16:31.569Z",
    "end": "2024-05-03T13:16:36.267Z",
    "duration": 4698,
    "testsRegistered": 40,
    "passPercent": 100,
    "pendingPercent": 0,
    "other": 0,
    "hasOther": false,
    "skipped": 0,
    "hasSkipped": false
  },
  "results": [
    {
      "uuid": "347c90b4-042e-4106-b493-90a2795af168",
      "title": "",
      "fullFile": "",
      "file": "",
      "beforeHooks": [],
      "afterHooks": [],
      "tests": [],
      "suites": [
        {
          "uuid": "fe9d0e75-e455-4ced-8f70-27922e4b5406",
          "title": "Category Feature",
          "fullFile": "D:\\Folder penting ittp tercinta\\Sanbercode\\QA Automation\\tugas pekanan 3\\Kasiraja\\test-suites\\category.suite.js",
          "file": "\\test-suites\\category.suite.js",
          "beforeHooks": [],
          "afterHooks": [],
          "tests": [],
          "suites": [
            {
              "uuid": "b969b2a5-4ccb-4c08-928b-ce7cfc6dfcb8",
              "title": "Get Token",
              "fullFile": "D:\\Folder penting ittp tercinta\\Sanbercode\\QA Automation\\tugas pekanan 3\\Kasiraja\\test-suites\\category.suite.js",
              "file": "\\test-suites\\category.suite.js",
              "beforeHooks": [],
              "afterHooks": [],
              "tests": [
                {
                  "title": "Success Get Token",
                  "fullTitle": "Category Feature Get Token Success Get Token",
                  "timedOut": false,
                  "duration": 520,
                  "state": "passed",
                  "speed": "slow",
                  "pass": true,
                  "fail": false,
                  "pending": false,
                  "context": null,
                  "code": "const response = await request\n  .post('/authentications')\n  .send(auth.loginSuccess);\ntoken = response.body.data.accessToken;",
                  "err": {},
                  "uuid": "1d062e45-6c6f-464e-b104-c1985ccfb1b5",
                  "parentUUID": "b969b2a5-4ccb-4c08-928b-ce7cfc6dfcb8",
                  "isHook": false,
                  "skipped": false
                }
              ],
              "suites": [],
              "passes": [
                "1d062e45-6c6f-464e-b104-c1985ccfb1b5"
              ],
              "failures": [],
              "pending": [],
              "skipped": [],
              "duration": 520,
              "root": false,
              "rootEmpty": false,
              "_timeout": 2000
            },
            {
              "uuid": "a1a298c4-5222-4341-8584-1f0246736c03",
              "title": "Create Category",
              "fullFile": "D:\\Folder penting ittp tercinta\\Sanbercode\\QA Automation\\tugas pekanan 3\\Kasiraja\\test-suites\\category.suite.js",
              "file": "\\test-suites\\category.suite.js",
              "beforeHooks": [],
              "afterHooks": [],
              "tests": [
                {
                  "title": "Success create a new category",
                  "fullTitle": "Category Feature Create Category Success create a new category",
                  "timedOut": false,
                  "duration": 61,
                  "state": "passed",
                  "speed": "medium",
                  "pass": true,
                  "fail": false,
                  "pending": false,
                  "context": null,
                  "code": "const response = request\n  .post('/categories')\n  .send(category.createSuccess)\n  .set('Authorization', `Bearer ${token}`);\nuserId = (await response).body.data.categoryId;\nexpect((await response).status).to.equal(201);\nexpect((await response).body.status).to.equal('success');\nexpect((await response).body.message).to.equal(\n  'Category berhasil ditambahkan'\n);\nexpect((await response).body.data.name).to.equal('makanan ringan');",
                  "err": {},
                  "uuid": "9c40c2cc-656a-4712-b7e0-3ce47140931f",
                  "parentUUID": "a1a298c4-5222-4341-8584-1f0246736c03",
                  "isHook": false,
                  "skipped": false
                },
                {
                  "title": "Failed create a new category",
                  "fullTitle": "Category Feature Create Category Failed create a new category",
                  "timedOut": false,
                  "duration": 68,
                  "state": "passed",
                  "speed": "medium",
                  "pass": true,
                  "fail": false,
                  "pending": false,
                  "context": null,
                  "code": "const response = request\n  .post('/categories')\n  .send(category.createFailed)\n  .set('Authorization', `Bearer ${token}`);\nexpect((await response).status).to.equal(400);\nexpect((await response).body.status).to.equal('fail');",
                  "err": {},
                  "uuid": "3bab6ab4-92d1-43d8-a24b-d5e0862b9b5a",
                  "parentUUID": "a1a298c4-5222-4341-8584-1f0246736c03",
                  "isHook": false,
                  "skipped": false
                }
              ],
              "suites": [],
              "passes": [
                "9c40c2cc-656a-4712-b7e0-3ce47140931f",
                "3bab6ab4-92d1-43d8-a24b-d5e0862b9b5a"
              ],
              "failures": [],
              "pending": [],
              "skipped": [],
              "duration": 129,
              "root": false,
              "rootEmpty": false,
              "_timeout": 2000
            },
            {
              "uuid": "18002683-8dc4-4c79-95cc-f4c0d701b254",
              "title": "Get Category List",
              "fullFile": "D:\\Folder penting ittp tercinta\\Sanbercode\\QA Automation\\tugas pekanan 3\\Kasiraja\\test-suites\\category.suite.js",
              "file": "\\test-suites\\category.suite.js",
              "beforeHooks": [],
              "afterHooks": [],
              "tests": [
                {
                  "title": "Success Get Category List",
                  "fullTitle": "Category Feature Get Category List Success Get Category List",
                  "timedOut": false,
                  "duration": 62,
                  "state": "passed",
                  "speed": "medium",
                  "pass": true,
                  "fail": false,
                  "pending": false,
                  "context": null,
                  "code": "const response = await request\n  .get(`/categories/${userId}`)\n  .set('Authorization', `Bearer ${token}`);\nexpect(response.status).to.equal(200);\nexpect(response.body.status).to.equal('success');",
                  "err": {},
                  "uuid": "582401a4-f6e7-4954-b1a7-ddc1ac6e723b",
                  "parentUUID": "18002683-8dc4-4c79-95cc-f4c0d701b254",
                  "isHook": false,
                  "skipped": false
                }
              ],
              "suites": [],
              "passes": [
                "582401a4-f6e7-4954-b1a7-ddc1ac6e723b"
              ],
              "failures": [],
              "pending": [],
              "skipped": [],
              "duration": 62,
              "root": false,
              "rootEmpty": false,
              "_timeout": 2000
            },
            {
              "uuid": "d6c1e383-2397-40b7-8fa4-9147e2b781b4",
              "title": "Get Category Detail",
              "fullFile": "D:\\Folder penting ittp tercinta\\Sanbercode\\QA Automation\\tugas pekanan 3\\Kasiraja\\test-suites\\category.suite.js",
              "file": "\\test-suites\\category.suite.js",
              "beforeHooks": [],
              "afterHooks": [],
              "tests": [
                {
                  "title": "Success Get Category Detail",
                  "fullTitle": "Category Feature Get Category Detail Success Get Category Detail",
                  "timedOut": false,
                  "duration": 63,
                  "state": "passed",
                  "speed": "medium",
                  "pass": true,
                  "fail": false,
                  "pending": false,
                  "context": null,
                  "code": "const response = await request\n  .get(`/categories/${userId}`)\n  .set('Authorization', `Bearer ${token}`);\nexpect(response.status).to.equal(200);\nexpect(response.body.status).to.equal('success');\nexpect(response.body.data.category.name).to.equal('makanan ringan');\nexpect(response.body.data.category.description).to.equal(\n  'makanan ringan dari indofood'\n);",
                  "err": {},
                  "uuid": "f45e2c7a-ad02-44c1-b487-6254e5046018",
                  "parentUUID": "d6c1e383-2397-40b7-8fa4-9147e2b781b4",
                  "isHook": false,
                  "skipped": false
                },
                {
                  "title": "Failed Get User Detail",
                  "fullTitle": "Category Feature Get Category Detail Failed Get User Detail",
                  "timedOut": false,
                  "duration": 60,
                  "state": "passed",
                  "speed": "medium",
                  "pass": true,
                  "fail": false,
                  "pending": false,
                  "context": null,
                  "code": "const response = await request\n  .get(`/categories/${userId + '123'}`)\n  .set('Authorization', `Bearer ${token}`);\nexpect(response.status).to.equal(404);\nexpect(response.body.message).to.equal('id tidak valid');",
                  "err": {},
                  "uuid": "7b2cee5e-ce8b-4d9c-84d0-5cc2aaa18ce3",
                  "parentUUID": "d6c1e383-2397-40b7-8fa4-9147e2b781b4",
                  "isHook": false,
                  "skipped": false
                }
              ],
              "suites": [],
              "passes": [
                "f45e2c7a-ad02-44c1-b487-6254e5046018",
                "7b2cee5e-ce8b-4d9c-84d0-5cc2aaa18ce3"
              ],
              "failures": [],
              "pending": [],
              "skipped": [],
              "duration": 123,
              "root": false,
              "rootEmpty": false,
              "_timeout": 2000
            },
            {
              "uuid": "48d432c4-787d-47f8-8c8d-cfb3cefeca2a",
              "title": "Update Category Detail",
              "fullFile": "D:\\Folder penting ittp tercinta\\Sanbercode\\QA Automation\\tugas pekanan 3\\Kasiraja\\test-suites\\category.suite.js",
              "file": "\\test-suites\\category.suite.js",
              "beforeHooks": [],
              "afterHooks": [],
              "tests": [
                {
                  "title": "Success Update Category Detail",
                  "fullTitle": "Category Feature Update Category Detail Success Update Category Detail",
                  "timedOut": false,
                  "duration": 66,
                  "state": "passed",
                  "speed": "medium",
                  "pass": true,
                  "fail": false,
                  "pending": false,
                  "context": null,
                  "code": "const response = await request\n  .put(`/categories/${userId}`)\n  .send(category.updateSuccess)\n  .set('Authorization', `Bearer ${token}`);\nexpect(response.status).to.equal(200);\nexpect(response.body.status).to.equal('success');\nexpect(response.body.data.name).to.equal('makring');",
                  "err": {},
                  "uuid": "11794d9c-ce5c-45a3-b5de-d6ceb48dc86c",
                  "parentUUID": "48d432c4-787d-47f8-8c8d-cfb3cefeca2a",
                  "isHook": false,
                  "skipped": false
                },
                {
                  "title": "Failed Update Category Detail",
                  "fullTitle": "Category Feature Update Category Detail Failed Update Category Detail",
                  "timedOut": false,
                  "duration": 66,
                  "state": "passed",
                  "speed": "medium",
                  "pass": true,
                  "fail": false,
                  "pending": false,
                  "context": null,
                  "code": "const response = await request\n  .put(`/categories/${userId}`)\n  .send(category.updateFailed)\n  .set('Authorization', `Bearer ${token}`);\nexpect(response.status).to.equal(400);\nexpect(response.body.message).to.equal(\n  '\"name\" is not allowed to be empty'\n);",
                  "err": {},
                  "uuid": "09416233-7d12-4a3d-80c2-e0038223c5d4",
                  "parentUUID": "48d432c4-787d-47f8-8c8d-cfb3cefeca2a",
                  "isHook": false,
                  "skipped": false
                }
              ],
              "suites": [],
              "passes": [
                "11794d9c-ce5c-45a3-b5de-d6ceb48dc86c",
                "09416233-7d12-4a3d-80c2-e0038223c5d4"
              ],
              "failures": [],
              "pending": [],
              "skipped": [],
              "duration": 132,
              "root": false,
              "rootEmpty": false,
              "_timeout": 2000
            },
            {
              "uuid": "5efa7747-dced-41fd-b241-25122665c490",
              "title": "Delete Category",
              "fullFile": "D:\\Folder penting ittp tercinta\\Sanbercode\\QA Automation\\tugas pekanan 3\\Kasiraja\\test-suites\\category.suite.js",
              "file": "\\test-suites\\category.suite.js",
              "beforeHooks": [],
              "afterHooks": [],
              "tests": [
                {
                  "title": "Success Delete Category",
                  "fullTitle": "Category Feature Delete Category Success Delete Category",
                  "timedOut": false,
                  "duration": 65,
                  "state": "passed",
                  "speed": "medium",
                  "pass": true,
                  "fail": false,
                  "pending": false,
                  "context": null,
                  "code": "const response = await request\n  .delete(`/categories/${userId}`)\n  .set('Authorization', `Bearer ${token}`);\nexpect(response.status).to.equal(200);\nexpect(response.body.status).to.equal('success');",
                  "err": {},
                  "uuid": "7af5c237-2396-4d31-84af-c1a150d364d1",
                  "parentUUID": "5efa7747-dced-41fd-b241-25122665c490",
                  "isHook": false,
                  "skipped": false
                },
                {
                  "title": "Failed Delete Category",
                  "fullTitle": "Category Feature Delete Category Failed Delete Category",
                  "timedOut": false,
                  "duration": 61,
                  "state": "passed",
                  "speed": "medium",
                  "pass": true,
                  "fail": false,
                  "pending": false,
                  "context": null,
                  "code": "const response = await request\n  .delete(`/categories/${userId + '123'}`)\n  .set('Authorization', `Bearer ${token}`);\nexpect(response.status).to.equal(404);",
                  "err": {},
                  "uuid": "cddb22ad-856f-4468-b202-b59879c6de32",
                  "parentUUID": "5efa7747-dced-41fd-b241-25122665c490",
                  "isHook": false,
                  "skipped": false
                }
              ],
              "suites": [],
              "passes": [
                "7af5c237-2396-4d31-84af-c1a150d364d1",
                "cddb22ad-856f-4468-b202-b59879c6de32"
              ],
              "failures": [],
              "pending": [],
              "skipped": [],
              "duration": 126,
              "root": false,
              "rootEmpty": false,
              "_timeout": 2000
            }
          ],
          "passes": [],
          "failures": [],
          "pending": [],
          "skipped": [],
          "duration": 0,
          "root": false,
          "rootEmpty": false,
          "_timeout": 2000
        },
        {
          "uuid": "8a3ea18f-83f2-45c7-84c8-b70bf78e0f58",
          "title": "Customer Feature",
          "fullFile": "D:\\Folder penting ittp tercinta\\Sanbercode\\QA Automation\\tugas pekanan 3\\Kasiraja\\test-suites\\customer.suite .js",
          "file": "\\test-suites\\customer.suite .js",
          "beforeHooks": [],
          "afterHooks": [],
          "tests": [],
          "suites": [
            {
              "uuid": "cee749c0-c4d5-4288-9db6-a426fd290a00",
              "title": "Get Token",
              "fullFile": "D:\\Folder penting ittp tercinta\\Sanbercode\\QA Automation\\tugas pekanan 3\\Kasiraja\\test-suites\\customer.suite .js",
              "file": "\\test-suites\\customer.suite .js",
              "beforeHooks": [],
              "afterHooks": [],
              "tests": [
                {
                  "title": "Success Get Token",
                  "fullTitle": "Customer Feature Get Token Success Get Token",
                  "timedOut": false,
                  "duration": 404,
                  "state": "passed",
                  "speed": "slow",
                  "pass": true,
                  "fail": false,
                  "pending": false,
                  "context": null,
                  "code": "const response = await request(config.baseUrl)\n  .post('/authentications')\n  .send(auth.loginSuccess);\ntoken = response.body.data.accessToken;",
                  "err": {},
                  "uuid": "723d0b2d-ca78-450d-87ab-41162417bada",
                  "parentUUID": "cee749c0-c4d5-4288-9db6-a426fd290a00",
                  "isHook": false,
                  "skipped": false
                }
              ],
              "suites": [],
              "passes": [
                "723d0b2d-ca78-450d-87ab-41162417bada"
              ],
              "failures": [],
              "pending": [],
              "skipped": [],
              "duration": 404,
              "root": false,
              "rootEmpty": false,
              "_timeout": 2000
            },
            {
              "uuid": "8964a6c5-ce04-4a53-b9a5-a9c584d2216b",
              "title": "Create Customer",
              "fullFile": "D:\\Folder penting ittp tercinta\\Sanbercode\\QA Automation\\tugas pekanan 3\\Kasiraja\\test-suites\\customer.suite .js",
              "file": "\\test-suites\\customer.suite .js",
              "beforeHooks": [],
              "afterHooks": [],
              "tests": [
                {
                  "title": "Success create a new customer",
                  "fullTitle": "Customer Feature Create Customer Success create a new customer",
                  "timedOut": false,
                  "duration": 79,
                  "state": "passed",
                  "speed": "slow",
                  "pass": true,
                  "fail": false,
                  "pending": false,
                  "context": null,
                  "code": "const response = request(config.baseUrl)\n  .post('/customers')\n  .send(customer.createSuccess)\n  .set('Authorization', `Bearer ${token}`);\nuserId = (await response).body.data.customerId;\nexpect((await response).status).to.equal(201);\nexpect((await response).body.status).to.equal('success');\nexpect((await response).body.message).to.equal(\n  'Customer berhasil ditambahkan'\n);",
                  "err": {},
                  "uuid": "b07b5b8d-32c8-44d7-951b-f0e4f7becd90",
                  "parentUUID": "8964a6c5-ce04-4a53-b9a5-a9c584d2216b",
                  "isHook": false,
                  "skipped": false
                },
                {
                  "title": "Failed create a new customer",
                  "fullTitle": "Customer Feature Create Customer Failed create a new customer",
                  "timedOut": false,
                  "duration": 62,
                  "state": "passed",
                  "speed": "medium",
                  "pass": true,
                  "fail": false,
                  "pending": false,
                  "context": null,
                  "code": "const response = request(config.baseUrl)\n  .post('/customers')\n  .send(customer.createFailed)\n  .set('Authorization', `Bearer ${token}`);\nexpect((await response).status).to.equal(400);\nexpect((await response).body.status).to.equal('fail');",
                  "err": {},
                  "uuid": "59935369-cdf8-4d06-9707-834375240d7d",
                  "parentUUID": "8964a6c5-ce04-4a53-b9a5-a9c584d2216b",
                  "isHook": false,
                  "skipped": false
                }
              ],
              "suites": [],
              "passes": [
                "b07b5b8d-32c8-44d7-951b-f0e4f7becd90",
                "59935369-cdf8-4d06-9707-834375240d7d"
              ],
              "failures": [],
              "pending": [],
              "skipped": [],
              "duration": 141,
              "root": false,
              "rootEmpty": false,
              "_timeout": 2000
            },
            {
              "uuid": "e74c8e83-cb3f-4d71-b15a-462892666259",
              "title": "Get Customer List",
              "fullFile": "D:\\Folder penting ittp tercinta\\Sanbercode\\QA Automation\\tugas pekanan 3\\Kasiraja\\test-suites\\customer.suite .js",
              "file": "\\test-suites\\customer.suite .js",
              "beforeHooks": [],
              "afterHooks": [],
              "tests": [
                {
                  "title": "Success Get Customer List",
                  "fullTitle": "Customer Feature Get Customer List Success Get Customer List",
                  "timedOut": false,
                  "duration": 65,
                  "state": "passed",
                  "speed": "medium",
                  "pass": true,
                  "fail": false,
                  "pending": false,
                  "context": null,
                  "code": "const response = await request(config.baseUrl)\n  .get(`/customers/${userId}`)\n  .set('Authorization', `Bearer ${token}`);\nexpect(response.status).to.equal(200);\nexpect(response.body.status).to.equal('success');",
                  "err": {},
                  "uuid": "63cc6571-b4e8-4f3f-8990-c50c5e212396",
                  "parentUUID": "e74c8e83-cb3f-4d71-b15a-462892666259",
                  "isHook": false,
                  "skipped": false
                }
              ],
              "suites": [],
              "passes": [
                "63cc6571-b4e8-4f3f-8990-c50c5e212396"
              ],
              "failures": [],
              "pending": [],
              "skipped": [],
              "duration": 65,
              "root": false,
              "rootEmpty": false,
              "_timeout": 2000
            },
            {
              "uuid": "14c9dfc2-5853-44b5-941b-8817b5052545",
              "title": "Get Customer Detail",
              "fullFile": "D:\\Folder penting ittp tercinta\\Sanbercode\\QA Automation\\tugas pekanan 3\\Kasiraja\\test-suites\\customer.suite .js",
              "file": "\\test-suites\\customer.suite .js",
              "beforeHooks": [],
              "afterHooks": [],
              "tests": [
                {
                  "title": "Success Get Customer Detail",
                  "fullTitle": "Customer Feature Get Customer Detail Success Get Customer Detail",
                  "timedOut": false,
                  "duration": 63,
                  "state": "passed",
                  "speed": "medium",
                  "pass": true,
                  "fail": false,
                  "pending": false,
                  "context": null,
                  "code": "const response = await request(config.baseUrl)\n  .get(`/customers/${userId}`)\n  .set('Authorization', `Bearer ${token}`);\nexpect(response.status).to.equal(200);\nexpect(response.body.status).to.equal('success');\nexpect(response.body.data.customer.name).to.equal('Budi');\nexpect(response.body.data.customer.phone).to.equal('081234567890');\nexpect(response.body.data.customer.address).to.equal('Bandoeng');\nexpect(response.body.data.customer.description).to.equal(\n  'Budi anak Pak Edi'\n);",
                  "err": {},
                  "uuid": "fc22df7b-9aee-4797-b98b-e48433fa8e1b",
                  "parentUUID": "14c9dfc2-5853-44b5-941b-8817b5052545",
                  "isHook": false,
                  "skipped": false
                },
                {
                  "title": "Failed Get User Detail",
                  "fullTitle": "Customer Feature Get Customer Detail Failed Get User Detail",
                  "timedOut": false,
                  "duration": 61,
                  "state": "passed",
                  "speed": "medium",
                  "pass": true,
                  "fail": false,
                  "pending": false,
                  "context": null,
                  "code": "const response = await request(config.baseUrl)\n  .get(`/customers/${userId + '123'}`)\n  .set('Authorization', `Bearer ${token}`);\nexpect(response.status).to.equal(404);\nexpect(response.body.message).to.equal('id tidak valid');",
                  "err": {},
                  "uuid": "2bc3cae8-b29e-4b7f-ab29-bbfec6360473",
                  "parentUUID": "14c9dfc2-5853-44b5-941b-8817b5052545",
                  "isHook": false,
                  "skipped": false
                }
              ],
              "suites": [],
              "passes": [
                "fc22df7b-9aee-4797-b98b-e48433fa8e1b",
                "2bc3cae8-b29e-4b7f-ab29-bbfec6360473"
              ],
              "failures": [],
              "pending": [],
              "skipped": [],
              "duration": 124,
              "root": false,
              "rootEmpty": false,
              "_timeout": 2000
            },
            {
              "uuid": "16d4d631-7f39-4187-b74d-24c35544c9d9",
              "title": "Update Customer Detail",
              "fullFile": "D:\\Folder penting ittp tercinta\\Sanbercode\\QA Automation\\tugas pekanan 3\\Kasiraja\\test-suites\\customer.suite .js",
              "file": "\\test-suites\\customer.suite .js",
              "beforeHooks": [],
              "afterHooks": [],
              "tests": [
                {
                  "title": "Success Update Customer Detail",
                  "fullTitle": "Customer Feature Update Customer Detail Success Update Customer Detail",
                  "timedOut": false,
                  "duration": 60,
                  "state": "passed",
                  "speed": "medium",
                  "pass": true,
                  "fail": false,
                  "pending": false,
                  "context": null,
                  "code": "const response = await request(config.baseUrl)\n  .put(`/customers/${userId}`)\n  .send(customer.updateSuccess)\n  .set('Authorization', `Bearer ${token}`);\nexpect(response.status).to.equal(200);\nexpect(response.body.status).to.equal('success');\nexpect(response.body.data.name).to.equal('Budis');",
                  "err": {},
                  "uuid": "f779782e-64dc-4081-838a-2af7d952d805",
                  "parentUUID": "16d4d631-7f39-4187-b74d-24c35544c9d9",
                  "isHook": false,
                  "skipped": false
                },
                {
                  "title": "Failed Update Customer Detail",
                  "fullTitle": "Customer Feature Update Customer Detail Failed Update Customer Detail",
                  "timedOut": false,
                  "duration": 61,
                  "state": "passed",
                  "speed": "medium",
                  "pass": true,
                  "fail": false,
                  "pending": false,
                  "context": null,
                  "code": "const response = await request(config.baseUrl)\n  .put(`/customers/${userId}`)\n  .send(customer.updateFailed)\n  .set('Authorization', `Bearer ${token}`);\nexpect(response.status).to.equal(400);\nexpect(response.body.message).to.equal(\n  '\"name\" is not allowed to be empty'\n);",
                  "err": {},
                  "uuid": "2fdaa9c0-ba92-499b-ac2a-e5dcb2431652",
                  "parentUUID": "16d4d631-7f39-4187-b74d-24c35544c9d9",
                  "isHook": false,
                  "skipped": false
                }
              ],
              "suites": [],
              "passes": [
                "f779782e-64dc-4081-838a-2af7d952d805",
                "2fdaa9c0-ba92-499b-ac2a-e5dcb2431652"
              ],
              "failures": [],
              "pending": [],
              "skipped": [],
              "duration": 121,
              "root": false,
              "rootEmpty": false,
              "_timeout": 2000
            },
            {
              "uuid": "30940321-0ab3-47ba-b455-3ca42a02ca63",
              "title": "Delete Customer",
              "fullFile": "D:\\Folder penting ittp tercinta\\Sanbercode\\QA Automation\\tugas pekanan 3\\Kasiraja\\test-suites\\customer.suite .js",
              "file": "\\test-suites\\customer.suite .js",
              "beforeHooks": [],
              "afterHooks": [],
              "tests": [
                {
                  "title": "Success Delete Customer",
                  "fullTitle": "Customer Feature Delete Customer Success Delete Customer",
                  "timedOut": false,
                  "duration": 61,
                  "state": "passed",
                  "speed": "medium",
                  "pass": true,
                  "fail": false,
                  "pending": false,
                  "context": null,
                  "code": "const response = await request(config.baseUrl)\n  .delete(`/customers/${userId}`)\n  .set('Authorization', `Bearer ${token}`);\nexpect(response.status).to.equal(200);\nexpect(response.body.status).to.equal('success');",
                  "err": {},
                  "uuid": "12d96611-4382-4da9-890c-9d317774679b",
                  "parentUUID": "30940321-0ab3-47ba-b455-3ca42a02ca63",
                  "isHook": false,
                  "skipped": false
                },
                {
                  "title": "Failed Delete Customer",
                  "fullTitle": "Customer Feature Delete Customer Failed Delete Customer",
                  "timedOut": false,
                  "duration": 69,
                  "state": "passed",
                  "speed": "medium",
                  "pass": true,
                  "fail": false,
                  "pending": false,
                  "context": null,
                  "code": "const response = await request(config.baseUrl)\n  .delete(`/customers/${userId + '123'}`)\n  .set('Authorization', `Bearer ${token}`);\nexpect(response.status).to.equal(404);",
                  "err": {},
                  "uuid": "ce16cc4e-8335-45aa-a942-d3a6c3b16541",
                  "parentUUID": "30940321-0ab3-47ba-b455-3ca42a02ca63",
                  "isHook": false,
                  "skipped": false
                }
              ],
              "suites": [],
              "passes": [
                "12d96611-4382-4da9-890c-9d317774679b",
                "ce16cc4e-8335-45aa-a942-d3a6c3b16541"
              ],
              "failures": [],
              "pending": [],
              "skipped": [],
              "duration": 130,
              "root": false,
              "rootEmpty": false,
              "_timeout": 2000
            }
          ],
          "passes": [],
          "failures": [],
          "pending": [],
          "skipped": [],
          "duration": 0,
          "root": false,
          "rootEmpty": false,
          "_timeout": 2000
        },
        {
          "uuid": "30a3acf4-ac4a-453a-bbe7-913b852b2cfb",
          "title": "Unit Feature",
          "fullFile": "D:\\Folder penting ittp tercinta\\Sanbercode\\QA Automation\\tugas pekanan 3\\Kasiraja\\test-suites\\unit.suite.js",
          "file": "\\test-suites\\unit.suite.js",
          "beforeHooks": [],
          "afterHooks": [],
          "tests": [],
          "suites": [
            {
              "uuid": "3b9d8032-90ff-4abc-8291-c4bc478e328f",
              "title": "Get Token",
              "fullFile": "D:\\Folder penting ittp tercinta\\Sanbercode\\QA Automation\\tugas pekanan 3\\Kasiraja\\test-suites\\unit.suite.js",
              "file": "\\test-suites\\unit.suite.js",
              "beforeHooks": [],
              "afterHooks": [],
              "tests": [
                {
                  "title": "Success Get Token",
                  "fullTitle": "Unit Feature Get Token Success Get Token",
                  "timedOut": false,
                  "duration": 404,
                  "state": "passed",
                  "speed": "slow",
                  "pass": true,
                  "fail": false,
                  "pending": false,
                  "context": null,
                  "code": "const response = await request(config.baseUrl)\n  .post('/authentications')\n  .send(auth.loginSuccess);\ntoken = response.body.data.accessToken;",
                  "err": {},
                  "uuid": "a8ede130-7192-4388-8af7-24d61022f9d4",
                  "parentUUID": "3b9d8032-90ff-4abc-8291-c4bc478e328f",
                  "isHook": false,
                  "skipped": false
                }
              ],
              "suites": [],
              "passes": [
                "a8ede130-7192-4388-8af7-24d61022f9d4"
              ],
              "failures": [],
              "pending": [],
              "skipped": [],
              "duration": 404,
              "root": false,
              "rootEmpty": false,
              "_timeout": 2000
            },
            {
              "uuid": "508d9078-8841-45e6-978a-415c89f047e1",
              "title": "Create Unit",
              "fullFile": "D:\\Folder penting ittp tercinta\\Sanbercode\\QA Automation\\tugas pekanan 3\\Kasiraja\\test-suites\\unit.suite.js",
              "file": "\\test-suites\\unit.suite.js",
              "beforeHooks": [],
              "afterHooks": [],
              "tests": [
                {
                  "title": "Success create a new unit",
                  "fullTitle": "Unit Feature Create Unit Success create a new unit",
                  "timedOut": false,
                  "duration": 62,
                  "state": "passed",
                  "speed": "medium",
                  "pass": true,
                  "fail": false,
                  "pending": false,
                  "context": null,
                  "code": "const response = request(config.baseUrl)\n  .post('/units')\n  .send(unit.createSuccess)\n  .set('Authorization', `Bearer ${token}`);\nuserId = (await response).body.data.unitId;\nexpect((await response).status).to.equal(201);\nexpect((await response).body.status).to.equal('success');\nexpect((await response).body.message).to.equal(\n  'Unit berhasil ditambahkan'\n);",
                  "err": {},
                  "uuid": "85d28b93-a57d-4c49-a648-5bc55b946863",
                  "parentUUID": "508d9078-8841-45e6-978a-415c89f047e1",
                  "isHook": false,
                  "skipped": false
                },
                {
                  "title": "Failed create a new unit",
                  "fullTitle": "Unit Feature Create Unit Failed create a new unit",
                  "timedOut": false,
                  "duration": 60,
                  "state": "passed",
                  "speed": "medium",
                  "pass": true,
                  "fail": false,
                  "pending": false,
                  "context": null,
                  "code": "const response = request(config.baseUrl)\n  .post('/units')\n  .send(unit.createFailed)\n  .set('Authorization', `Bearer ${token}`);\nexpect((await response).status).to.equal(400);\nexpect((await response).body.status).to.equal('fail');",
                  "err": {},
                  "uuid": "0544f467-455c-4702-ba73-331cc6c3dc7c",
                  "parentUUID": "508d9078-8841-45e6-978a-415c89f047e1",
                  "isHook": false,
                  "skipped": false
                }
              ],
              "suites": [],
              "passes": [
                "85d28b93-a57d-4c49-a648-5bc55b946863",
                "0544f467-455c-4702-ba73-331cc6c3dc7c"
              ],
              "failures": [],
              "pending": [],
              "skipped": [],
              "duration": 122,
              "root": false,
              "rootEmpty": false,
              "_timeout": 2000
            },
            {
              "uuid": "667441cd-fb15-4f9b-838b-eaddc1202f40",
              "title": "Get Unit List",
              "fullFile": "D:\\Folder penting ittp tercinta\\Sanbercode\\QA Automation\\tugas pekanan 3\\Kasiraja\\test-suites\\unit.suite.js",
              "file": "\\test-suites\\unit.suite.js",
              "beforeHooks": [],
              "afterHooks": [],
              "tests": [
                {
                  "title": "Success Get Unit List",
                  "fullTitle": "Unit Feature Get Unit List Success Get Unit List",
                  "timedOut": false,
                  "duration": 61,
                  "state": "passed",
                  "speed": "medium",
                  "pass": true,
                  "fail": false,
                  "pending": false,
                  "context": null,
                  "code": "const response = await request(config.baseUrl)\n  .get(`/units/${userId}`)\n  .set('Authorization', `Bearer ${token}`);\nexpect(response.status).to.equal(200);\nexpect(response.body.status).to.equal('success');",
                  "err": {},
                  "uuid": "5dc92334-a4d3-4d7f-99ad-c39c61459e53",
                  "parentUUID": "667441cd-fb15-4f9b-838b-eaddc1202f40",
                  "isHook": false,
                  "skipped": false
                }
              ],
              "suites": [],
              "passes": [
                "5dc92334-a4d3-4d7f-99ad-c39c61459e53"
              ],
              "failures": [],
              "pending": [],
              "skipped": [],
              "duration": 61,
              "root": false,
              "rootEmpty": false,
              "_timeout": 2000
            },
            {
              "uuid": "48781bf5-cb3f-4d92-bc6c-300f48ea853a",
              "title": "Get Unit Detail",
              "fullFile": "D:\\Folder penting ittp tercinta\\Sanbercode\\QA Automation\\tugas pekanan 3\\Kasiraja\\test-suites\\unit.suite.js",
              "file": "\\test-suites\\unit.suite.js",
              "beforeHooks": [],
              "afterHooks": [],
              "tests": [
                {
                  "title": "Success Get Unit Detail",
                  "fullTitle": "Unit Feature Get Unit Detail Success Get Unit Detail",
                  "timedOut": false,
                  "duration": 64,
                  "state": "passed",
                  "speed": "medium",
                  "pass": true,
                  "fail": false,
                  "pending": false,
                  "context": null,
                  "code": "const response = await request(config.baseUrl)\n  .get(`/units/${userId}`)\n  .set('Authorization', `Bearer ${token}`);\nexpect(response.status).to.equal(200);\nexpect(response.body.status).to.equal('success');\nexpect(response.body.data.unit.name).to.equal('gram');\nexpect(response.body.data.unit.description).to.equal(\n  'weight measurement'\n);",
                  "err": {},
                  "uuid": "dd20b4d7-bde4-4509-bdf8-151d87471f7e",
                  "parentUUID": "48781bf5-cb3f-4d92-bc6c-300f48ea853a",
                  "isHook": false,
                  "skipped": false
                },
                {
                  "title": "Failed Get User Detail",
                  "fullTitle": "Unit Feature Get Unit Detail Failed Get User Detail",
                  "timedOut": false,
                  "duration": 59,
                  "state": "passed",
                  "speed": "medium",
                  "pass": true,
                  "fail": false,
                  "pending": false,
                  "context": null,
                  "code": "const response = await request(config.baseUrl)\n  .get(`/units/${userId + '123'}`)\n  .set('Authorization', `Bearer ${token}`);\nexpect(response.status).to.equal(404);\nexpect(response.body.message).to.equal('id tidak valid');",
                  "err": {},
                  "uuid": "98a288d7-ddb6-4569-9374-e5d2d7171e21",
                  "parentUUID": "48781bf5-cb3f-4d92-bc6c-300f48ea853a",
                  "isHook": false,
                  "skipped": false
                }
              ],
              "suites": [],
              "passes": [
                "dd20b4d7-bde4-4509-bdf8-151d87471f7e",
                "98a288d7-ddb6-4569-9374-e5d2d7171e21"
              ],
              "failures": [],
              "pending": [],
              "skipped": [],
              "duration": 123,
              "root": false,
              "rootEmpty": false,
              "_timeout": 2000
            },
            {
              "uuid": "cffb0731-ffc8-472c-924d-37a3f1d49c5d",
              "title": "Update Unit Detail",
              "fullFile": "D:\\Folder penting ittp tercinta\\Sanbercode\\QA Automation\\tugas pekanan 3\\Kasiraja\\test-suites\\unit.suite.js",
              "file": "\\test-suites\\unit.suite.js",
              "beforeHooks": [],
              "afterHooks": [],
              "tests": [
                {
                  "title": "Success Update Unit Detail",
                  "fullTitle": "Unit Feature Update Unit Detail Success Update Unit Detail",
                  "timedOut": false,
                  "duration": 59,
                  "state": "passed",
                  "speed": "medium",
                  "pass": true,
                  "fail": false,
                  "pending": false,
                  "context": null,
                  "code": "const response = await request(config.baseUrl)\n  .put(`/units/${userId}`)\n  .send(unit.updateSuccess)\n  .set('Authorization', `Bearer ${token}`);\nexpect(response.status).to.equal(200);\nexpect(response.body.status).to.equal('success');\nexpect(response.body.data.name).to.equal('kg');",
                  "err": {},
                  "uuid": "ed71861f-ca0b-4679-8002-6c78eaadb33b",
                  "parentUUID": "cffb0731-ffc8-472c-924d-37a3f1d49c5d",
                  "isHook": false,
                  "skipped": false
                },
                {
                  "title": "Failed Update Unit Detail",
                  "fullTitle": "Unit Feature Update Unit Detail Failed Update Unit Detail",
                  "timedOut": false,
                  "duration": 60,
                  "state": "passed",
                  "speed": "medium",
                  "pass": true,
                  "fail": false,
                  "pending": false,
                  "context": null,
                  "code": "const response = await request(config.baseUrl)\n  .put(`/units/${userId}`)\n  .send(unit.updateFailed)\n  .set('Authorization', `Bearer ${token}`);\nexpect(response.status).to.equal(400);\nexpect(response.body.message).to.equal(\n  'name is required, description is optional'\n);",
                  "err": {},
                  "uuid": "494bcec4-9abd-4f9c-b364-f478ad89ab88",
                  "parentUUID": "cffb0731-ffc8-472c-924d-37a3f1d49c5d",
                  "isHook": false,
                  "skipped": false
                }
              ],
              "suites": [],
              "passes": [
                "ed71861f-ca0b-4679-8002-6c78eaadb33b",
                "494bcec4-9abd-4f9c-b364-f478ad89ab88"
              ],
              "failures": [],
              "pending": [],
              "skipped": [],
              "duration": 119,
              "root": false,
              "rootEmpty": false,
              "_timeout": 2000
            },
            {
              "uuid": "6eb2330b-1091-449d-a282-1c8f5e9ade03",
              "title": "Delete Unit",
              "fullFile": "D:\\Folder penting ittp tercinta\\Sanbercode\\QA Automation\\tugas pekanan 3\\Kasiraja\\test-suites\\unit.suite.js",
              "file": "\\test-suites\\unit.suite.js",
              "beforeHooks": [],
              "afterHooks": [],
              "tests": [
                {
                  "title": "Success Delete Unit",
                  "fullTitle": "Unit Feature Delete Unit Success Delete Unit",
                  "timedOut": false,
                  "duration": 59,
                  "state": "passed",
                  "speed": "medium",
                  "pass": true,
                  "fail": false,
                  "pending": false,
                  "context": null,
                  "code": "const response = await request(config.baseUrl)\n  .delete(`/units/${userId}`)\n  .set('Authorization', `Bearer ${token}`);\nexpect(response.status).to.equal(200);\nexpect(response.body.status).to.equal('success');",
                  "err": {},
                  "uuid": "4fddc828-1e8f-480c-8c4e-27b33a4659ac",
                  "parentUUID": "6eb2330b-1091-449d-a282-1c8f5e9ade03",
                  "isHook": false,
                  "skipped": false
                },
                {
                  "title": "Failed Delete Unit",
                  "fullTitle": "Unit Feature Delete Unit Failed Delete Unit",
                  "timedOut": false,
                  "duration": 64,
                  "state": "passed",
                  "speed": "medium",
                  "pass": true,
                  "fail": false,
                  "pending": false,
                  "context": null,
                  "code": "const response = await request(config.baseUrl)\n  .delete(`/units/${userId + '123'}`)\n  .set('Authorization', `Bearer ${token}`);\nexpect(response.status).to.equal(404);",
                  "err": {},
                  "uuid": "f89a017f-994a-4d5b-9532-45947d61c9e4",
                  "parentUUID": "6eb2330b-1091-449d-a282-1c8f5e9ade03",
                  "isHook": false,
                  "skipped": false
                }
              ],
              "suites": [],
              "passes": [
                "4fddc828-1e8f-480c-8c4e-27b33a4659ac",
                "f89a017f-994a-4d5b-9532-45947d61c9e4"
              ],
              "failures": [],
              "pending": [],
              "skipped": [],
              "duration": 123,
              "root": false,
              "rootEmpty": false,
              "_timeout": 2000
            }
          ],
          "passes": [],
          "failures": [],
          "pending": [],
          "skipped": [],
          "duration": 0,
          "root": false,
          "rootEmpty": false,
          "_timeout": 2000
        },
        {
          "uuid": "b6f7fc6f-9ae8-47e5-b8f0-3f806c1517f9",
          "title": "User Feature",
          "fullFile": "D:\\Folder penting ittp tercinta\\Sanbercode\\QA Automation\\tugas pekanan 3\\Kasiraja\\test-suites\\user.suite.js",
          "file": "\\test-suites\\user.suite.js",
          "beforeHooks": [],
          "afterHooks": [],
          "tests": [],
          "suites": [
            {
              "uuid": "eb24c69d-413b-48f4-97a1-a9830d742df1",
              "title": "Get Token",
              "fullFile": "D:\\Folder penting ittp tercinta\\Sanbercode\\QA Automation\\tugas pekanan 3\\Kasiraja\\test-suites\\user.suite.js",
              "file": "\\test-suites\\user.suite.js",
              "beforeHooks": [],
              "afterHooks": [],
              "tests": [
                {
                  "title": "Success Get Token",
                  "fullTitle": "User Feature Get Token Success Get Token",
                  "timedOut": false,
                  "duration": 416,
                  "state": "passed",
                  "speed": "slow",
                  "pass": true,
                  "fail": false,
                  "pending": false,
                  "context": null,
                  "code": "const response = await request(config.baseUrl)\n  .post('/authentications')\n  .send(auth.loginSuccess);\ntoken = response.body.data.accessToken;",
                  "err": {},
                  "uuid": "11ced466-2bb2-45b6-a5fc-f0b4056fa03e",
                  "parentUUID": "eb24c69d-413b-48f4-97a1-a9830d742df1",
                  "isHook": false,
                  "skipped": false
                }
              ],
              "suites": [],
              "passes": [
                "11ced466-2bb2-45b6-a5fc-f0b4056fa03e"
              ],
              "failures": [],
              "pending": [],
              "skipped": [],
              "duration": 416,
              "root": false,
              "rootEmpty": false,
              "_timeout": 2000
            },
            {
              "uuid": "34e7632d-be00-4604-b1d9-0c9ccf28dafb",
              "title": "Create User",
              "fullFile": "D:\\Folder penting ittp tercinta\\Sanbercode\\QA Automation\\tugas pekanan 3\\Kasiraja\\test-suites\\user.suite.js",
              "file": "\\test-suites\\user.suite.js",
              "beforeHooks": [],
              "afterHooks": [],
              "tests": [
                {
                  "title": "Success create a new user",
                  "fullTitle": "User Feature Create User Success create a new user",
                  "timedOut": false,
                  "duration": 380,
                  "state": "passed",
                  "speed": "slow",
                  "pass": true,
                  "fail": false,
                  "pending": false,
                  "context": null,
                  "code": "const response = request(config.baseUrl)\n  .post('/users')\n  .send(user.createSuccess)\n  .set('Authorization', `Bearer ${token}`);\nuserId = (await response).body.data.userId;\nexpect((await response).status).to.equal(201);\nexpect((await response).body.status).to.equal('success');\nexpect((await response).body.message).to.equal(\n  'User berhasil ditambahkan'\n);",
                  "err": {},
                  "uuid": "9ba97ba0-f8bb-4145-9e5a-9ad522096611",
                  "parentUUID": "34e7632d-be00-4604-b1d9-0c9ccf28dafb",
                  "isHook": false,
                  "skipped": false
                },
                {
                  "title": "Failed create a new user",
                  "fullTitle": "User Feature Create User Failed create a new user",
                  "timedOut": false,
                  "duration": 65,
                  "state": "passed",
                  "speed": "medium",
                  "pass": true,
                  "fail": false,
                  "pending": false,
                  "context": null,
                  "code": "const response = request(config.baseUrl)\n  .post('/users')\n  .send(user.createFailed)\n  .set('Authorization', `Bearer ${token}`);\nexpect((await response).status).to.equal(400);\nexpect((await response).body.status).to.equal('fail');",
                  "err": {},
                  "uuid": "8225eac4-ec68-4904-9cbc-d2d05919611d",
                  "parentUUID": "34e7632d-be00-4604-b1d9-0c9ccf28dafb",
                  "isHook": false,
                  "skipped": false
                }
              ],
              "suites": [],
              "passes": [
                "9ba97ba0-f8bb-4145-9e5a-9ad522096611",
                "8225eac4-ec68-4904-9cbc-d2d05919611d"
              ],
              "failures": [],
              "pending": [],
              "skipped": [],
              "duration": 445,
              "root": false,
              "rootEmpty": false,
              "_timeout": 2000
            },
            {
              "uuid": "9dd2ccbe-6fb6-4e30-bfd0-1965bf107eb8",
              "title": "Get User List",
              "fullFile": "D:\\Folder penting ittp tercinta\\Sanbercode\\QA Automation\\tugas pekanan 3\\Kasiraja\\test-suites\\user.suite.js",
              "file": "\\test-suites\\user.suite.js",
              "beforeHooks": [],
              "afterHooks": [],
              "tests": [
                {
                  "title": "Success Get User List",
                  "fullTitle": "User Feature Get User List Success Get User List",
                  "timedOut": false,
                  "duration": 63,
                  "state": "passed",
                  "speed": "medium",
                  "pass": true,
                  "fail": false,
                  "pending": false,
                  "context": null,
                  "code": "const response = await request(config.baseUrl)\n  .get(`/users/${userId}`)\n  .set('Authorization', `Bearer ${token}`);\nexpect(response.status).to.equal(200);\nexpect(response.body.status).to.equal('success');",
                  "err": {},
                  "uuid": "ccdbb2af-87f5-4d04-9044-36da22a31d5a",
                  "parentUUID": "9dd2ccbe-6fb6-4e30-bfd0-1965bf107eb8",
                  "isHook": false,
                  "skipped": false
                }
              ],
              "suites": [],
              "passes": [
                "ccdbb2af-87f5-4d04-9044-36da22a31d5a"
              ],
              "failures": [],
              "pending": [],
              "skipped": [],
              "duration": 63,
              "root": false,
              "rootEmpty": false,
              "_timeout": 2000
            },
            {
              "uuid": "60960e0d-74a5-431a-b77c-47018f2a1a44",
              "title": "Get User Detail",
              "fullFile": "D:\\Folder penting ittp tercinta\\Sanbercode\\QA Automation\\tugas pekanan 3\\Kasiraja\\test-suites\\user.suite.js",
              "file": "\\test-suites\\user.suite.js",
              "beforeHooks": [],
              "afterHooks": [],
              "tests": [
                {
                  "title": "Success Get User Detail",
                  "fullTitle": "User Feature Get User Detail Success Get User Detail",
                  "timedOut": false,
                  "duration": 60,
                  "state": "passed",
                  "speed": "medium",
                  "pass": true,
                  "fail": false,
                  "pending": false,
                  "context": null,
                  "code": "const response = await request(config.baseUrl)\n  .get(`/users/${userId}`)\n  .set('Authorization', `Bearer ${token}`);\nexpect(response.status).to.equal(200);\nexpect(response.body.status).to.equal('success');\nexpect(response.body.data.user.name).to.equal('kasir-serbaguna');\nexpect(response.body.data.user.email).to.equal('user@example.com');\nexpect(response.body.data.user.role).to.equal('kasir');",
                  "err": {},
                  "uuid": "85ccc17e-8d0b-48cd-ad28-e41f666b11aa",
                  "parentUUID": "60960e0d-74a5-431a-b77c-47018f2a1a44",
                  "isHook": false,
                  "skipped": false
                },
                {
                  "title": "Failed Get User Detail",
                  "fullTitle": "User Feature Get User Detail Failed Get User Detail",
                  "timedOut": false,
                  "duration": 61,
                  "state": "passed",
                  "speed": "medium",
                  "pass": true,
                  "fail": false,
                  "pending": false,
                  "context": null,
                  "code": "const response = await request(config.baseUrl)\n  .get(`/users/${userId + '123'}`)\n  .set('Authorization', `Bearer ${token}`);\nexpect(response.status).to.equal(404);\nexpect(response.body.message).to.equal('id tidak valid');",
                  "err": {},
                  "uuid": "b1b61ee0-0bf7-4f48-94d5-d3e204c19fe3",
                  "parentUUID": "60960e0d-74a5-431a-b77c-47018f2a1a44",
                  "isHook": false,
                  "skipped": false
                }
              ],
              "suites": [],
              "passes": [
                "85ccc17e-8d0b-48cd-ad28-e41f666b11aa",
                "b1b61ee0-0bf7-4f48-94d5-d3e204c19fe3"
              ],
              "failures": [],
              "pending": [],
              "skipped": [],
              "duration": 121,
              "root": false,
              "rootEmpty": false,
              "_timeout": 2000
            },
            {
              "uuid": "a31245b4-cbe2-40ab-8e56-186196fd7648",
              "title": "Update User Detail",
              "fullFile": "D:\\Folder penting ittp tercinta\\Sanbercode\\QA Automation\\tugas pekanan 3\\Kasiraja\\test-suites\\user.suite.js",
              "file": "\\test-suites\\user.suite.js",
              "beforeHooks": [],
              "afterHooks": [],
              "tests": [
                {
                  "title": "Success Update User Detail",
                  "fullTitle": "User Feature Update User Detail Success Update User Detail",
                  "timedOut": false,
                  "duration": 371,
                  "state": "passed",
                  "speed": "slow",
                  "pass": true,
                  "fail": false,
                  "pending": false,
                  "context": null,
                  "code": "const response = await request(config.baseUrl)\n  .put(`/users/${userId}`)\n  .send(user.updateSuccess)\n  .set('Authorization', `Bearer ${token}`);\nexpect(response.status).to.equal(200);\nexpect(response.body.status).to.equal('success');\nexpect(response.body.data.name).to.equal('kaser');",
                  "err": {},
                  "uuid": "2c5a665a-92d3-456d-9501-823dc485145d",
                  "parentUUID": "a31245b4-cbe2-40ab-8e56-186196fd7648",
                  "isHook": false,
                  "skipped": false
                },
                {
                  "title": "Failed Update User Detail",
                  "fullTitle": "User Feature Update User Detail Failed Update User Detail",
                  "timedOut": false,
                  "duration": 61,
                  "state": "passed",
                  "speed": "medium",
                  "pass": true,
                  "fail": false,
                  "pending": false,
                  "context": null,
                  "code": "const response = await request(config.baseUrl)\n  .put(`/users/${userId}`)\n  .send(user.updateFailed)\n  .set('Authorization', `Bearer ${token}`);\nexpect(response.status).to.equal(400);\nexpect(response.body.message).to.equal(\n  '\"name\" is not allowed to be empty'\n);",
                  "err": {},
                  "uuid": "282775c2-837a-4fb2-9f5a-4366cb557b0d",
                  "parentUUID": "a31245b4-cbe2-40ab-8e56-186196fd7648",
                  "isHook": false,
                  "skipped": false
                }
              ],
              "suites": [],
              "passes": [
                "2c5a665a-92d3-456d-9501-823dc485145d",
                "282775c2-837a-4fb2-9f5a-4366cb557b0d"
              ],
              "failures": [],
              "pending": [],
              "skipped": [],
              "duration": 432,
              "root": false,
              "rootEmpty": false,
              "_timeout": 2000
            },
            {
              "uuid": "3899ef83-597b-4cd5-80fc-0fd02f632ef8",
              "title": "Delete User",
              "fullFile": "D:\\Folder penting ittp tercinta\\Sanbercode\\QA Automation\\tugas pekanan 3\\Kasiraja\\test-suites\\user.suite.js",
              "file": "\\test-suites\\user.suite.js",
              "beforeHooks": [],
              "afterHooks": [],
              "tests": [
                {
                  "title": "Success Delete User",
                  "fullTitle": "User Feature Delete User Success Delete User",
                  "timedOut": false,
                  "duration": 66,
                  "state": "passed",
                  "speed": "medium",
                  "pass": true,
                  "fail": false,
                  "pending": false,
                  "context": null,
                  "code": "const response = await request(config.baseUrl)\n  .delete(`/users/${userId}`)\n  .set('Authorization', `Bearer ${token}`);\nexpect(response.status).to.equal(200);\nexpect(response.body.status).to.equal('success');",
                  "err": {},
                  "uuid": "92dc97f1-da54-4c69-9089-2ba3e9c3c622",
                  "parentUUID": "3899ef83-597b-4cd5-80fc-0fd02f632ef8",
                  "isHook": false,
                  "skipped": false
                },
                {
                  "title": "Failed Delete User",
                  "fullTitle": "User Feature Delete User Failed Delete User",
                  "timedOut": false,
                  "duration": 64,
                  "state": "passed",
                  "speed": "medium",
                  "pass": true,
                  "fail": false,
                  "pending": false,
                  "context": null,
                  "code": "const response = await request(config.baseUrl)\n  .delete(`/users/${userId + '123'}`)\n  .set('Authorization', `Bearer ${token}`);\nexpect(response.status).to.equal(404);",
                  "err": {},
                  "uuid": "679866b8-f3f2-4c4b-a1e5-9e10dabcd784",
                  "parentUUID": "3899ef83-597b-4cd5-80fc-0fd02f632ef8",
                  "isHook": false,
                  "skipped": false
                }
              ],
              "suites": [],
              "passes": [
                "92dc97f1-da54-4c69-9089-2ba3e9c3c622",
                "679866b8-f3f2-4c4b-a1e5-9e10dabcd784"
              ],
              "failures": [],
              "pending": [],
              "skipped": [],
              "duration": 130,
              "root": false,
              "rootEmpty": false,
              "_timeout": 2000
            }
          ],
          "passes": [],
          "failures": [],
          "pending": [],
          "skipped": [],
          "duration": 0,
          "root": false,
          "rootEmpty": false,
          "_timeout": 2000
        }
      ],
      "passes": [],
      "failures": [],
      "pending": [],
      "skipped": [],
      "duration": 0,
      "root": true,
      "rootEmpty": true,
      "_timeout": 2000
    }
  ],
  "meta": {
    "mocha": {
      "version": "10.4.0"
    },
    "mochawesome": {
      "options": {
        "quiet": false,
        "reportFilename": "mochawesome",
        "saveHtml": true,
        "saveJson": true,
        "consoleReporter": "spec",
        "useInlineDiffs": false,
        "code": true
      },
      "version": "7.1.3"
    },
    "marge": {
      "options": null,
      "version": "6.2.0"
    }
  }
}